#
# There is insufficient memory for the Java Runtime Environment to continue.
# Native memory allocation (mmap) failed to map 25165824 bytes. Error detail: G1 virtual space
# Possible reasons:
#   The system is out of physical RAM or swap space
#   This process is running with CompressedOops enabled, and the Java Heap may be blocking the growth of the native heap
# Possible solutions:
#   Reduce memory load on the system
#   Increase physical memory or swap space
#   Check if swap backing store is full
#   Decrease Java heap size (-Xmx/-Xms)
#   Decrease number of Java threads
#   Decrease Java thread stack sizes (-Xss)
#   Set larger code cache with -XX:ReservedCodeCacheSize=
#   JVM is running with Unscaled Compressed Oops mode in which the Java heap is
#     placed in the first 4GB address space. The Java Heap base address is the
#     maximum limit for the native heap growth. Please use -XX:HeapBaseMinAddress
#     to set the Java Heap base and to place the Java Heap above 4GB virtual address.
# This output file may be truncated or incomplete.
#
#  Out of Memory Error (os_windows.cpp:3825), pid=7440, tid=660
#
# JRE version: OpenJDK Runtime Environment (17.0.11) (build 17.0.11+0--11852314)
# Java VM: OpenJDK 64-Bit Server VM (17.0.11+0--11852314, mixed mode, tiered, compressed oops, compressed class ptrs, g1 gc, windows-amd64)
# No core dump will be written. Minidumps are not enabled by default on client versions of Windows
#

---------------  S U M M A R Y ------------

Command Line: --add-opens=java.base/java.util=ALL-UNNAMED --add-opens=java.base/java.lang=ALL-UNNAMED --add-opens=java.base/java.lang.invoke=ALL-UNNAMED --add-opens=java.prefs/java.util.prefs=ALL-UNNAMED --add-opens=java.base/java.nio.charset=ALL-UNNAMED --add-opens=java.base/java.net=ALL-UNNAMED --add-opens=java.base/java.util.concurrent.atomic=ALL-UNNAMED -Xmx2048m -Dfile.encoding=UTF-8 -Duser.country=US -Duser.language=en -Duser.variant -javaagent:C:\Users\ABHISHEK\.gradle\wrapper\dists\gradle-8.7-bin\bhs2wmbdwecv87pi65oeuq5iu\gradle-8.7\lib\agents\gradle-instrumentation-agent-8.7.jar org.gradle.launcher.daemon.bootstrap.GradleDaemon 8.7

Host: Intel(R) Core(TM) i5 CPU       M 540  @ 2.53GHz, 4 cores, 2G,  Windows 10 , 64 bit Build 19041 (10.0.19041.4717)
Time: Tue Sep  3 15:18:39 2024 India Standard Time elapsed time: 48.952805 seconds (0d 0h 0m 48s)

---------------  T H R E A D  ---------------

Current thread (0x00000233d9fe05e0):  VMThread "VM Thread" [stack: 0x000000b4b0900000,0x000000b4b0a00000] [id=660]

Stack: [0x000000b4b0900000,0x000000b4b0a00000]
Native frames: (J=compiled Java code, j=interpreted, Vv=VM code, C=native code)
V  [jvm.dll+0x687bb9]
V  [jvm.dll+0x84142a]
V  [jvm.dll+0x8430ae]
V  [jvm.dll+0x843713]
V  [jvm.dll+0x24a35f]
V  [jvm.dll+0x684989]
V  [jvm.dll+0x67923a]
V  [jvm.dll+0x30af0b]
V  [jvm.dll+0x3123b6]
V  [jvm.dll+0x361dfe]
V  [jvm.dll+0x36202f]
V  [jvm.dll+0x2e0d38]
V  [jvm.dll+0x2df144]
V  [jvm.dll+0x2de74c]
V  [jvm.dll+0x32305b]
V  [jvm.dll+0x847e0b]
V  [jvm.dll+0x848b42]
V  [jvm.dll+0x84905d]
V  [jvm.dll+0x849434]
V  [jvm.dll+0x849500]
V  [jvm.dll+0x7efa4a]
V  [jvm.dll+0x686a35]
C  [ucrtbase.dll+0x21bb2]
C  [KERNEL32.DLL+0x17374]
C  [ntdll.dll+0x4cc91]

VM_Operation (0x000000b4b1ff63a0): G1CollectForAllocation, mode: safepoint, requested by thread 0x00000233dfa8f470


---------------  P R O C E S S  ---------------

Threads class SMR info:
_java_thread_list=0x00000233e1f15050, length=42, elements={
0x00000233c0a4d5c0, 0x00000233d9ff7270, 0x00000233d9ff8a20, 0x00000233da0383b0,
0x00000233da03bda0, 0x00000233da03c670, 0x00000233da03cf40, 0x00000233da03dbf0,
0x00000233da03fb70, 0x00000233da2cf750, 0x00000233c0b090d0, 0x00000233da482ba0,
0x00000233dfd73870, 0x00000233df6961e0, 0x00000233da39eef0, 0x00000233e011b4a0,
0x00000233e02d0d90, 0x00000233dadc2060, 0x00000233dfa8f470, 0x00000233dfa895c0,
0x00000233dfa8aa00, 0x00000233dfa8af10, 0x00000233dfa89ad0, 0x00000233dfa8a4f0,
0x00000233dfa8b420, 0x00000233dfa890b0, 0x00000233dfa8b930, 0x00000233dfa88180,
0x00000233dfa88690, 0x00000233dfa88ba0, 0x00000233e0b1c690, 0x00000233e0b20d70,
0x00000233e0b1b250, 0x00000233e0b21790, 0x00000233e0b1d5c0, 0x00000233e0b1fe40,
0x00000233e0b1dfe0, 0x00000233e0b21ca0, 0x00000233e0b221b0, 0x00000233e0b20350,
0x00000233e0b1b760, 0x00000233e0b1ad40
}

Java Threads: ( => current thread )
  0x00000233c0a4d5c0 JavaThread "main" [_thread_blocked, id=6652, stack(0x000000b4b0300000,0x000000b4b0400000)]
  0x00000233d9ff7270 JavaThread "Reference Handler" daemon [_thread_blocked, id=3604, stack(0x000000b4b0a00000,0x000000b4b0b00000)]
  0x00000233d9ff8a20 JavaThread "Finalizer" daemon [_thread_blocked, id=7632, stack(0x000000b4b0b00000,0x000000b4b0c00000)]
  0x00000233da0383b0 JavaThread "Signal Dispatcher" daemon [_thread_blocked, id=1348, stack(0x000000b4b0c00000,0x000000b4b0d00000)]
  0x00000233da03bda0 JavaThread "Attach Listener" daemon [_thread_blocked, id=1160, stack(0x000000b4b0d00000,0x000000b4b0e00000)]
  0x00000233da03c670 JavaThread "Service Thread" daemon [_thread_blocked, id=5572, stack(0x000000b4b0e00000,0x000000b4b0f00000)]
  0x00000233da03cf40 JavaThread "Monitor Deflation Thread" daemon [_thread_blocked, id=5936, stack(0x000000b4b0f00000,0x000000b4b1000000)]
  0x00000233da03dbf0 JavaThread "C2 CompilerThread0" daemon [_thread_blocked, id=8104, stack(0x000000b4b1000000,0x000000b4b1100000)]
  0x00000233da03fb70 JavaThread "C1 CompilerThread0" daemon [_thread_blocked, id=5552, stack(0x000000b4b1100000,0x000000b4b1200000)]
  0x00000233da2cf750 JavaThread "Sweeper thread" daemon [_thread_blocked, id=6132, stack(0x000000b4b1200000,0x000000b4b1300000)]
  0x00000233c0b090d0 JavaThread "Common-Cleaner" daemon [_thread_blocked, id=5168, stack(0x000000b4b1300000,0x000000b4b1400000)]
  0x00000233da482ba0 JavaThread "Notification Thread" daemon [_thread_blocked, id=3504, stack(0x000000b4b1400000,0x000000b4b1500000)]
  0x00000233dfd73870 JavaThread "Daemon health stats" [_thread_blocked, id=2300, stack(0x000000b4b1900000,0x000000b4b1a00000)]
  0x00000233df6961e0 JavaThread "Incoming local TCP Connector on port 49889" [_thread_in_native, id=1924, stack(0x000000b4b1a00000,0x000000b4b1b00000)]
  0x00000233da39eef0 JavaThread "Daemon periodic checks" [_thread_blocked, id=4824, stack(0x000000b4b1b00000,0x000000b4b1c00000)]
  0x00000233e011b4a0 JavaThread "Daemon" [_thread_blocked, id=7960, stack(0x000000b4b1c00000,0x000000b4b1d00000)]
  0x00000233e02d0d90 JavaThread "Handler for socket connection from /127.0.0.1:49889 to /127.0.0.1:49890" [_thread_in_native, id=3832, stack(0x000000b4b1d00000,0x000000b4b1e00000)]
  0x00000233dadc2060 JavaThread "Cancel handler" [_thread_blocked, id=2040, stack(0x000000b4b1e00000,0x000000b4b1f00000)]
  0x00000233dfa8f470 JavaThread "Daemon worker" [_thread_blocked, id=3840, stack(0x000000b4b1f00000,0x000000b4b2000000)]
  0x00000233dfa895c0 JavaThread "Asynchronous log dispatcher for DefaultDaemonConnection: socket connection from /127.0.0.1:49889 to /127.0.0.1:49890" [_thread_blocked, id=4956, stack(0x000000b4b2000000,0x000000b4b2100000)]
  0x00000233dfa8aa00 JavaThread "Stdin handler" [_thread_blocked, id=7664, stack(0x000000b4b2100000,0x000000b4b2200000)]
  0x00000233dfa8af10 JavaThread "Daemon client event forwarder" [_thread_blocked, id=2156, stack(0x000000b4b2200000,0x000000b4b2300000)]
  0x00000233dfa89ad0 JavaThread "Cache worker for journal cache (C:\Users\ABHISHEK\.gradle\caches\journal-1)" [_thread_blocked, id=4024, stack(0x000000b4b2300000,0x000000b4b2400000)]
  0x00000233dfa8a4f0 JavaThread "File lock request listener" [_thread_in_native, id=7564, stack(0x000000b4b2400000,0x000000b4b2500000)]
  0x00000233dfa8b420 JavaThread "Cache worker for file hash cache (C:\Users\ABHISHEK\.gradle\caches\8.7\fileHashes)" [_thread_blocked, id=956, stack(0x000000b4b2500000,0x000000b4b2600000)]
  0x00000233dfa890b0 JavaThread "Cache worker for file hash cache (C:\Users\ABHISHEK\StudioProjects\Hisaab-Kitaab\.gradle\8.7\fileHashes)" [_thread_blocked, id=2256, stack(0x000000b4b2600000,0x000000b4b2700000)]
  0x00000233dfa8b930 JavaThread "File watcher server" daemon [_thread_in_native, id=4232, stack(0x000000b4b2700000,0x000000b4b2800000)]
  0x00000233dfa88180 JavaThread "File watcher consumer" daemon [_thread_blocked, id=2084, stack(0x000000b4b2800000,0x000000b4b2900000)]
  0x00000233dfa88690 JavaThread "jar transforms" [_thread_blocked, id=4636, stack(0x000000b4b2900000,0x000000b4b2a00000)]
  0x00000233dfa88ba0 JavaThread "jar transforms Thread 2" [_thread_blocked, id=5748, stack(0x000000b4b2a00000,0x000000b4b2b00000)]
  0x00000233e0b1c690 JavaThread "jar transforms Thread 3" [_thread_blocked, id=8160, stack(0x000000b4b2b00000,0x000000b4b2c00000)]
  0x00000233e0b20d70 JavaThread "jar transforms Thread 4" [_thread_blocked, id=1848, stack(0x000000b4b2c00000,0x000000b4b2d00000)]
  0x00000233e0b1b250 JavaThread "Cache worker for checksums cache (C:\Users\ABHISHEK\StudioProjects\Hisaab-Kitaab\.gradle\8.7\checksums)" [_thread_blocked, id=6400, stack(0x000000b4b2d00000,0x000000b4b2e00000)]
  0x00000233e0b21790 JavaThread "Cache worker for cache directory md-supplier (C:\Users\ABHISHEK\.gradle\caches\8.7\md-supplier)" [_thread_blocked, id=3540, stack(0x000000b4b2e00000,0x000000b4b2f00000)]
  0x00000233e0b1d5c0 JavaThread "Cache worker for cache directory md-rule (C:\Users\ABHISHEK\.gradle\caches\8.7\md-rule)" [_thread_blocked, id=4064, stack(0x000000b4b2f00000,0x000000b4b3000000)]
  0x00000233e0b1fe40 JavaThread "Cache worker for file content cache (C:\Users\ABHISHEK\.gradle\caches\8.7\fileContent)" [_thread_blocked, id=7604, stack(0x000000b4b3000000,0x000000b4b3100000)]
  0x00000233e0b1dfe0 JavaThread "Unconstrained build operations" [_thread_blocked, id=7336, stack(0x000000b4b3100000,0x000000b4b3200000)]
  0x00000233e0b21ca0 JavaThread "Unconstrained build operations Thread 2" [_thread_blocked, id=3340, stack(0x000000b4b3200000,0x000000b4b3300000)]
  0x00000233e0b221b0 JavaThread "Unconstrained build operations Thread 3" [_thread_blocked, id=3812, stack(0x000000b4b3300000,0x000000b4b3400000)]
  0x00000233e0b20350 JavaThread "Unconstrained build operations Thread 4" [_thread_blocked, id=2056, stack(0x000000b4b3400000,0x000000b4b3500000)]
  0x00000233e0b1b760 JavaThread "Unconstrained build operations Thread 5" [_thread_blocked, id=3984, stack(0x000000b4b3500000,0x000000b4b3600000)]
  0x00000233e0b1ad40 JavaThread "Cache worker for Build Output Cleanup Cache (C:\Users\ABHISHEK\StudioProjects\Hisaab-Kitaab\.gradle\buildOutputCleanup)" [_thread_blocked, id=6008, stack(0x000000b4b3600000,0x000000b4b3700000)]

Other Threads:
=>0x00000233d9fe05e0 VMThread "VM Thread" [stack: 0x000000b4b0900000,0x000000b4b0a00000] [id=660]
  0x00000233da4ed020 WatcherThread [stack: 0x000000b4b1500000,0x000000b4b1600000] [id=6320]
  0x00000233c0aa9b80 GCTaskThread "GC Thread#0" [stack: 0x000000b4b0400000,0x000000b4b0500000] [id=1044]
  0x00000233da6172a0 GCTaskThread "GC Thread#1" [stack: 0x000000b4b1600000,0x000000b4b1700000] [id=1472]
  0x00000233da74c480 GCTaskThread "GC Thread#2" [stack: 0x000000b4b1700000,0x000000b4b1800000] [id=4012]
  0x00000233df13dbc0 GCTaskThread "GC Thread#3" [stack: 0x000000b4b1800000,0x000000b4b1900000] [id=3612]
  0x00000233c0aba9e0 ConcurrentGCThread "G1 Main Marker" [stack: 0x000000b4b0500000,0x000000b4b0600000] [id=3012]
  0x00000233c0abb310 ConcurrentGCThread "G1 Conc#0" [stack: 0x000000b4b0600000,0x000000b4b0700000] [id=1224]
  0x00000233c0af5620 ConcurrentGCThread "G1 Refine#0" [stack: 0x000000b4b0700000,0x000000b4b0800000] [id=3956]
  0x00000233c0af5f60 ConcurrentGCThread "G1 Service" [stack: 0x000000b4b0800000,0x000000b4b0900000] [id=2468]

Threads with active compile tasks:
C2 CompilerThread0    49069 5476       4       java.util.LinkedHashMap$LinkedHashIterator::<init> (31 bytes)
C1 CompilerThread0    49069 5478       3       java.util.stream.Collectors$$Lambda$70/0x000000010016ede8::get (8 bytes)

VM state: at safepoint (normal execution)

VM Mutex/Monitor currently owned by a thread:  ([mutex/lock_event])
[0x00000233c0a49210] Threads_lock - owner thread: 0x00000233d9fe05e0
[0x00000233c0a48f40] Heap_lock - owner thread: 0x00000233dfa8f470

Heap address: 0x0000000080000000, size: 2048 MB, Compressed Oops mode: 32-bit

CDS archive(s) not mapped
Compressed class space mapped at: 0x0000000100000000-0x0000000140000000, reserved size: 1073741824
Narrow klass base: 0x0000000000000000, Narrow klass shift: 3, Narrow klass range: 0x140000000

GC Precious Log:
 CPUs: 4 total, 4 available
 Memory: 2979M
 Large Page Support: Disabled
 NUMA Support: Disabled
 Compressed Oops: Enabled (32-bit)
 Heap Region Size: 1M
 Heap Min Capacity: 8M
 Heap Initial Capacity: 48M
 Heap Max Capacity: 2G
 Pre-touch: Disabled
 Parallel Workers: 4
 Concurrent Workers: 1
 Concurrent Refinement Workers: 4
 Periodic GC: Disabled

Heap:
 garbage-first heap   total 121856K, used 72043K [0x0000000080000000, 0x0000000100000000)
  region size 1024K, 2 young (2048K), 2 survivors (2048K)
 Metaspace       used 59314K, committed 59968K, reserved 1114112K
  class space    used 8118K, committed 8384K, reserved 1048576K

Heap Regions: E=young(eden), S=young(survivor), O=old, HS=humongous(starts), HC=humongous(continues), CS=collection set, F=free, OA=open archive, CA=closed archive, TAMS=top-at-mark-start (previous, next)
|   0|0x0000000080000000, 0x0000000080100000, 0x0000000080100000|100%| O|  |TAMS 0x0000000080100000, 0x0000000080100000| Untracked 
|   1|0x0000000080100000, 0x0000000080200000, 0x0000000080200000|100%| O|  |TAMS 0x0000000080200000, 0x0000000080200000| Untracked 
|   2|0x0000000080200000, 0x0000000080300000, 0x0000000080300000|100%|HS|  |TAMS 0x0000000080300000, 0x0000000080300000| Complete 
|   3|0x0000000080300000, 0x0000000080400000, 0x0000000080400000|100%|HC|  |TAMS 0x0000000080400000, 0x0000000080400000| Complete 
|   4|0x0000000080400000, 0x0000000080500000, 0x0000000080500000|100%|HC|  |TAMS 0x0000000080500000, 0x0000000080500000| Complete 
|   5|0x0000000080500000, 0x0000000080600000, 0x0000000080600000|100%|HC|  |TAMS 0x0000000080600000, 0x0000000080600000| Complete 
|   6|0x0000000080600000, 0x0000000080700000, 0x0000000080700000|100%| O|  |TAMS 0x0000000080700000, 0x0000000080700000| Untracked 
|   7|0x0000000080700000, 0x0000000080800000, 0x0000000080800000|100%| O|  |TAMS 0x0000000080800000, 0x0000000080800000| Untracked 
|   8|0x0000000080800000, 0x0000000080900000, 0x0000000080900000|100%| O|  |TAMS 0x0000000080900000, 0x0000000080900000| Untracked 
|   9|0x0000000080900000, 0x0000000080a00000, 0x0000000080a00000|100%| O|  |TAMS 0x0000000080a00000, 0x0000000080a00000| Untracked 
|  10|0x0000000080a00000, 0x0000000080b00000, 0x0000000080b00000|100%| O|  |TAMS 0x0000000080b00000, 0x0000000080b00000| Untracked 
|  11|0x0000000080b00000, 0x0000000080c00000, 0x0000000080c00000|100%| O|  |TAMS 0x0000000080c00000, 0x0000000080c00000| Untracked 
|  12|0x0000000080c00000, 0x0000000080d00000, 0x0000000080d00000|100%| O|  |TAMS 0x0000000080d00000, 0x0000000080d00000| Untracked 
|  13|0x0000000080d00000, 0x0000000080e00000, 0x0000000080e00000|100%| O|  |TAMS 0x0000000080e00000, 0x0000000080e00000| Untracked 
|  14|0x0000000080e00000, 0x0000000080f00000, 0x0000000080f00000|100%| O|  |TAMS 0x0000000080f00000, 0x0000000080f00000| Untracked 
|  15|0x0000000080f00000, 0x0000000081000000, 0x0000000081000000|100%| O|  |TAMS 0x0000000081000000, 0x0000000081000000| Untracked 
|  16|0x0000000081000000, 0x0000000081100000, 0x0000000081100000|100%| O|  |TAMS 0x0000000081100000, 0x0000000081100000| Untracked 
|  17|0x0000000081100000, 0x0000000081200000, 0x0000000081200000|100%| O|  |TAMS 0x0000000081200000, 0x0000000081200000| Untracked 
|  18|0x0000000081200000, 0x0000000081300000, 0x0000000081300000|100%| O|  |TAMS 0x0000000081300000, 0x0000000081300000| Untracked 
|  19|0x0000000081300000, 0x0000000081400000, 0x0000000081400000|100%| O|  |TAMS 0x0000000081400000, 0x0000000081400000| Untracked 
|  20|0x0000000081400000, 0x0000000081500000, 0x0000000081500000|100%| O|  |TAMS 0x0000000081500000, 0x0000000081500000| Untracked 
|  21|0x0000000081500000, 0x0000000081600000, 0x0000000081600000|100%| O|  |TAMS 0x0000000081600000, 0x0000000081600000| Untracked 
|  22|0x0000000081600000, 0x0000000081700000, 0x0000000081700000|100%|HS|  |TAMS 0x0000000081700000, 0x0000000081700000| Complete 
|  23|0x0000000081700000, 0x0000000081800000, 0x0000000081800000|100%|HC|  |TAMS 0x0000000081800000, 0x0000000081800000| Complete 
|  24|0x0000000081800000, 0x0000000081900000, 0x0000000081900000|100%|HC|  |TAMS 0x0000000081900000, 0x0000000081900000| Complete 
|  25|0x0000000081900000, 0x0000000081a00000, 0x0000000081a00000|100%|HC|  |TAMS 0x0000000081a00000, 0x0000000081a00000| Complete 
|  26|0x0000000081a00000, 0x0000000081b00000, 0x0000000081b00000|100%|HC|  |TAMS 0x0000000081b00000, 0x0000000081b00000| Complete 
|  27|0x0000000081b00000, 0x0000000081c00000, 0x0000000081c00000|100%| O|  |TAMS 0x0000000081c00000, 0x0000000081c00000| Untracked 
|  28|0x0000000081c00000, 0x0000000081d00000, 0x0000000081d00000|100%|HS|  |TAMS 0x0000000081d00000, 0x0000000081d00000| Complete 
|  29|0x0000000081d00000, 0x0000000081e00000, 0x0000000081e00000|100%|HC|  |TAMS 0x0000000081e00000, 0x0000000081e00000| Complete 
|  30|0x0000000081e00000, 0x0000000081f00000, 0x0000000081f00000|100%|HC|  |TAMS 0x0000000081f00000, 0x0000000081f00000| Complete 
|  31|0x0000000081f00000, 0x0000000082000000, 0x0000000082000000|100%| O|  |TAMS 0x0000000082000000, 0x0000000082000000| Untracked 
|  32|0x0000000082000000, 0x0000000082000000, 0x0000000082100000|  0%| F|  |TAMS 0x0000000082000000, 0x0000000082000000| Untracked 
|  33|0x0000000082100000, 0x0000000082200000, 0x0000000082200000|100%|HS|  |TAMS 0x0000000082200000, 0x0000000082200000| Complete 
|  34|0x0000000082200000, 0x0000000082300000, 0x0000000082300000|100%|HC|  |TAMS 0x0000000082300000, 0x0000000082300000| Complete 
|  35|0x0000000082300000, 0x0000000082400000, 0x0000000082400000|100%|HC|  |TAMS 0x0000000082400000, 0x0000000082400000| Complete 
|  36|0x0000000082400000, 0x0000000082500000, 0x0000000082500000|100%| O|  |TAMS 0x0000000082500000, 0x0000000082500000| Untracked 
|  37|0x0000000082500000, 0x0000000082600000, 0x0000000082600000|100%|HS|  |TAMS 0x0000000082600000, 0x0000000082600000| Complete 
|  38|0x0000000082600000, 0x0000000082700000, 0x0000000082700000|100%| O|  |TAMS 0x0000000082700000, 0x0000000082700000| Untracked 
|  39|0x0000000082700000, 0x0000000082800000, 0x0000000082800000|100%| O|  |TAMS 0x0000000082800000, 0x0000000082800000| Untracked 
|  40|0x0000000082800000, 0x0000000082900000, 0x0000000082900000|100%| O|  |TAMS 0x0000000082900000, 0x0000000082900000| Untracked 
|  41|0x0000000082900000, 0x0000000082a00000, 0x0000000082a00000|100%| O|  |TAMS 0x0000000082a00000, 0x0000000082a00000| Untracked 
|  42|0x0000000082a00000, 0x0000000082b00000, 0x0000000082b00000|100%| O|  |TAMS 0x0000000082b00000, 0x0000000082b00000| Untracked 
|  43|0x0000000082b00000, 0x0000000082c00000, 0x0000000082c00000|100%| O|  |TAMS 0x0000000082c00000, 0x0000000082c00000| Untracked 
|  44|0x0000000082c00000, 0x0000000082d00000, 0x0000000082d00000|100%| O|  |TAMS 0x0000000082d00000, 0x0000000082d00000| Untracked 
|  45|0x0000000082d00000, 0x0000000082e00000, 0x0000000082e00000|100%| O|  |TAMS 0x0000000082e00000, 0x0000000082e00000| Untracked 
|  46|0x0000000082e00000, 0x0000000082f00000, 0x0000000082f00000|100%|HS|  |TAMS 0x0000000082f00000, 0x0000000082f00000| Complete 
|  47|0x0000000082f00000, 0x0000000083000000, 0x0000000083000000|100%|HC|  |TAMS 0x0000000083000000, 0x0000000083000000| Complete 
|  48|0x0000000083000000, 0x0000000083100000, 0x0000000083100000|100%|HC|  |TAMS 0x0000000083100000, 0x0000000083100000| Complete 
|  49|0x0000000083100000, 0x0000000083200000, 0x0000000083200000|100%| O|  |TAMS 0x0000000083200000, 0x0000000083200000| Untracked 
|  50|0x0000000083200000, 0x0000000083300000, 0x0000000083300000|100%| O|  |TAMS 0x0000000083300000, 0x0000000083300000| Untracked 
|  51|0x0000000083300000, 0x0000000083400000, 0x0000000083400000|100%| O|  |TAMS 0x0000000083400000, 0x0000000083400000| Untracked 
|  52|0x0000000083400000, 0x0000000083500000, 0x0000000083500000|100%|HS|  |TAMS 0x0000000083500000, 0x0000000083500000| Complete 
|  53|0x0000000083500000, 0x0000000083600000, 0x0000000083600000|100%|HC|  |TAMS 0x0000000083600000, 0x0000000083600000| Complete 
|  54|0x0000000083600000, 0x0000000083700000, 0x0000000083700000|100%|HC|  |TAMS 0x0000000083700000, 0x0000000083700000| Complete 
|  55|0x0000000083700000, 0x0000000083800000, 0x0000000083800000|100%|HC|  |TAMS 0x0000000083800000, 0x0000000083800000| Complete 
|  56|0x0000000083800000, 0x0000000083900000, 0x0000000083900000|100%|HC|  |TAMS 0x0000000083900000, 0x0000000083900000| Complete 
|  57|0x0000000083900000, 0x0000000083a00000, 0x0000000083a00000|100%| O|  |TAMS 0x0000000083a00000, 0x0000000083a00000| Untracked 
|  58|0x0000000083a00000, 0x0000000083b00000, 0x0000000083b00000|100%|HS|  |TAMS 0x0000000083b00000, 0x0000000083b00000| Complete 
|  59|0x0000000083b00000, 0x0000000083c00000, 0x0000000083c00000|100%|HC|  |TAMS 0x0000000083c00000, 0x0000000083c00000| Complete 
|  60|0x0000000083c00000, 0x0000000083d00000, 0x0000000083d00000|100%|HC|  |TAMS 0x0000000083d00000, 0x0000000083d00000| Complete 
|  61|0x0000000083d00000, 0x0000000083e00000, 0x0000000083e00000|100%|HC|  |TAMS 0x0000000083e00000, 0x0000000083e00000| Complete 
|  62|0x0000000083e00000, 0x0000000083f00000, 0x0000000083f00000|100%|HC|  |TAMS 0x0000000083f00000, 0x0000000083f00000| Complete 
|  63|0x0000000083f00000, 0x0000000084000000, 0x0000000084000000|100%| O|  |TAMS 0x0000000084000000, 0x0000000084000000| Untracked 
|  64|0x0000000084000000, 0x0000000084100000, 0x0000000084100000|100%| O|  |TAMS 0x0000000084100000, 0x0000000084100000| Untracked 
|  65|0x0000000084100000, 0x0000000084200000, 0x0000000084200000|100%| O|  |TAMS 0x000000008411a600, 0x0000000084200000| Untracked 
|  66|0x0000000084200000, 0x0000000084300000, 0x0000000084300000|100%| O|  |TAMS 0x0000000084200000, 0x0000000084300000| Untracked 
|  67|0x0000000084300000, 0x0000000084400000, 0x0000000084400000|100%| O|  |TAMS 0x0000000084300000, 0x0000000084400000| Untracked 
|  68|0x0000000084400000, 0x0000000084500000, 0x0000000084500000|100%| O|  |TAMS 0x0000000084400000, 0x0000000084500000| Untracked 
|  69|0x0000000084500000, 0x0000000084600000, 0x0000000084600000|100%| O|  |TAMS 0x0000000084500000, 0x0000000084600000| Untracked 
|  70|0x0000000084600000, 0x0000000084600000, 0x0000000084700000|  0%| F|  |TAMS 0x0000000084600000, 0x0000000084600000| Untracked 
|  71|0x0000000084700000, 0x0000000084700000, 0x0000000084800000|  0%| F|  |TAMS 0x0000000084700000, 0x0000000084700000| Untracked 
|  72|0x0000000084800000, 0x0000000084800000, 0x0000000084900000|  0%| F|  |TAMS 0x0000000084800000, 0x0000000084800000| Untracked 
|  73|0x0000000084900000, 0x0000000084900000, 0x0000000084a00000|  0%| F|  |TAMS 0x0000000084900000, 0x0000000084900000| Untracked 
|  74|0x0000000084a00000, 0x0000000084a00000, 0x0000000084b00000|  0%| F|  |TAMS 0x0000000084a00000, 0x0000000084a00000| Untracked 
|  75|0x0000000084b00000, 0x0000000084b00000, 0x0000000084c00000|  0%| F|  |TAMS 0x0000000084b00000, 0x0000000084b00000| Untracked 
|  76|0x0000000084c00000, 0x0000000084c00000, 0x0000000084d00000|  0%| F|  |TAMS 0x0000000084c00000, 0x0000000084c00000| Untracked 
|  77|0x0000000084d00000, 0x0000000084d00000, 0x0000000084e00000|  0%| F|  |TAMS 0x0000000084d00000, 0x0000000084d00000| Untracked 
|  78|0x0000000084e00000, 0x0000000084e00000, 0x0000000084f00000|  0%| F|  |TAMS 0x0000000084e00000, 0x0000000084e00000| Untracked 
|  79|0x0000000084f00000, 0x0000000084f00000, 0x0000000085000000|  0%| F|  |TAMS 0x0000000084f00000, 0x0000000084f00000| Untracked 
|  80|0x0000000085000000, 0x0000000085000000, 0x0000000085100000|  0%| F|  |TAMS 0x0000000085000000, 0x0000000085000000| Untracked 
|  81|0x0000000085100000, 0x0000000085100000, 0x0000000085200000|  0%| F|  |TAMS 0x0000000085100000, 0x0000000085100000| Untracked 
|  82|0x0000000085200000, 0x0000000085200000, 0x0000000085300000|  0%| F|  |TAMS 0x0000000085200000, 0x0000000085200000| Untracked 
|  83|0x0000000085300000, 0x0000000085300000, 0x0000000085400000|  0%| F|  |TAMS 0x0000000085300000, 0x0000000085300000| Untracked 
|  84|0x0000000085400000, 0x0000000085400000, 0x0000000085500000|  0%| F|  |TAMS 0x0000000085400000, 0x0000000085400000| Untracked 
|  85|0x0000000085500000, 0x0000000085500000, 0x0000000085600000|  0%| F|  |TAMS 0x0000000085500000, 0x0000000085500000| Untracked 
|  86|0x0000000085600000, 0x0000000085600000, 0x0000000085700000|  0%| F|  |TAMS 0x0000000085600000, 0x0000000085600000| Untracked 
|  87|0x0000000085700000, 0x0000000085700000, 0x0000000085800000|  0%| F|  |TAMS 0x0000000085700000, 0x0000000085700000| Untracked 
|  88|0x0000000085800000, 0x0000000085800000, 0x0000000085900000|  0%| F|  |TAMS 0x0000000085800000, 0x0000000085800000| Untracked 
|  89|0x0000000085900000, 0x0000000085900000, 0x0000000085a00000|  0%| F|  |TAMS 0x0000000085900000, 0x0000000085900000| Untracked 
|  90|0x0000000085a00000, 0x0000000085a00000, 0x0000000085b00000|  0%| F|  |TAMS 0x0000000085a00000, 0x0000000085a00000| Untracked 
|  91|0x0000000085b00000, 0x0000000085b00000, 0x0000000085c00000|  0%| F|  |TAMS 0x0000000085b00000, 0x0000000085b00000| Untracked 
|  92|0x0000000085c00000, 0x0000000085c00000, 0x0000000085d00000|  0%| F|  |TAMS 0x0000000085c00000, 0x0000000085c00000| Untracked 
|  93|0x0000000085d00000, 0x0000000085d5ae68, 0x0000000085e00000| 35%| S|CS|TAMS 0x0000000085d00000, 0x0000000085d00000| Complete 
|  94|0x0000000085e00000, 0x0000000085f00000, 0x0000000085f00000|100%| S|CS|TAMS 0x0000000085e00000, 0x0000000085e00000| Complete 
|  95|0x0000000085f00000, 0x0000000085f00000, 0x0000000086000000|  0%| F|  |TAMS 0x0000000085f00000, 0x0000000085f00000| Untracked 
|  96|0x0000000086000000, 0x0000000086000000, 0x0000000086100000|  0%| F|  |TAMS 0x0000000086000000, 0x0000000086000000| Untracked 
|  97|0x0000000086100000, 0x0000000086100000, 0x0000000086200000|  0%| F|  |TAMS 0x0000000086100000, 0x0000000086100000| Untracked 
|  98|0x0000000086200000, 0x0000000086200000, 0x0000000086300000|  0%| F|  |TAMS 0x0000000086200000, 0x0000000086200000| Untracked 
|  99|0x0000000086300000, 0x0000000086300000, 0x0000000086400000|  0%| F|  |TAMS 0x0000000086300000, 0x0000000086300000| Untracked 
| 100|0x0000000086400000, 0x0000000086400000, 0x0000000086500000|  0%| F|  |TAMS 0x0000000086400000, 0x0000000086400000| Untracked 
| 101|0x0000000086500000, 0x0000000086500000, 0x0000000086600000|  0%| F|  |TAMS 0x0000000086500000, 0x0000000086500000| Untracked 
| 102|0x0000000086600000, 0x0000000086600000, 0x0000000086700000|  0%| F|  |TAMS 0x0000000086600000, 0x0000000086600000| Untracked 
| 103|0x0000000086700000, 0x0000000086700000, 0x0000000086800000|  0%| F|  |TAMS 0x0000000086700000, 0x0000000086700000| Untracked 
| 104|0x0000000086800000, 0x0000000086800000, 0x0000000086900000|  0%| F|  |TAMS 0x0000000086800000, 0x0000000086800000| Untracked 
| 105|0x0000000086900000, 0x0000000086900000, 0x0000000086a00000|  0%| F|  |TAMS 0x0000000086900000, 0x0000000086900000| Untracked 
| 106|0x0000000086a00000, 0x0000000086a00000, 0x0000000086b00000|  0%| F|  |TAMS 0x0000000086a00000, 0x0000000086a00000| Untracked 
| 107|0x0000000086b00000, 0x0000000086b00000, 0x0000000086c00000|  0%| F|  |TAMS 0x0000000086b00000, 0x0000000086b00000| Untracked 
| 108|0x0000000086c00000, 0x0000000086c00000, 0x0000000086d00000|  0%| F|  |TAMS 0x0000000086c00000, 0x0000000086c00000| Untracked 
| 109|0x0000000086d00000, 0x0000000086d00000, 0x0000000086e00000|  0%| F|  |TAMS 0x0000000086d00000, 0x0000000086d00000| Untracked 
| 110|0x0000000086e00000, 0x0000000086e00000, 0x0000000086f00000|  0%| F|  |TAMS 0x0000000086e00000, 0x0000000086e00000| Untracked 
| 111|0x0000000086f00000, 0x0000000086f00000, 0x0000000087000000|  0%| F|  |TAMS 0x0000000086f00000, 0x0000000086f00000| Untracked 
| 112|0x0000000087000000, 0x0000000087000000, 0x0000000087100000|  0%| F|  |TAMS 0x0000000087000000, 0x0000000087000000| Untracked 
| 113|0x0000000087100000, 0x0000000087100000, 0x0000000087200000|  0%| F|  |TAMS 0x0000000087100000, 0x0000000087100000| Untracked 
| 114|0x0000000087200000, 0x0000000087200000, 0x0000000087300000|  0%| F|  |TAMS 0x0000000087200000, 0x0000000087200000| Untracked 
| 115|0x0000000087300000, 0x0000000087300000, 0x0000000087400000|  0%| F|  |TAMS 0x0000000087300000, 0x0000000087300000| Untracked 
| 116|0x0000000087400000, 0x0000000087400000, 0x0000000087500000|  0%| F|  |TAMS 0x0000000087400000, 0x0000000087400000| Untracked 
| 117|0x0000000087500000, 0x0000000087500000, 0x0000000087600000|  0%| F|  |TAMS 0x0000000087500000, 0x0000000087500000| Untracked 
| 118|0x0000000087600000, 0x0000000087600000, 0x0000000087700000|  0%| F|  |TAMS 0x0000000087600000, 0x0000000087600000| Untracked 

Card table byte_map: [0x00000233d3330000,0x00000233d3730000] _byte_map_base: 0x00000233d2f30000

Marking Bits (Prev, Next): (CMBitMap*) 0x00000233c0aaa0b0, (CMBitMap*) 0x00000233c0aaa0f0
 Prev Bits: [0x00000233d3b30000, 0x00000233d5b30000)
 Next Bits: [0x00000233d5b30000, 0x00000233d7b30000)

Polling page: 0x00000233be9b0000

Metaspace:

Usage:
  Non-class:     50.00 MB used.
      Class:      7.93 MB used.
       Both:     57.92 MB used.

Virtual space:
  Non-class space:       64.00 MB reserved,      50.38 MB ( 79%) committed,  1 nodes.
      Class space:        1.00 GB reserved,       8.19 MB ( <1%) committed,  1 nodes.
             Both:        1.06 GB reserved,      58.56 MB (  5%) committed. 

Chunk freelists:
   Non-Class:  13.17 MB
       Class:  7.81 MB
        Both:  20.98 MB

MaxMetaspaceSize: unlimited
CompressedClassSpaceSize: 1.00 GB
Initial GC threshold: 21.00 MB
Current GC threshold: 89.94 MB
CDS: off
MetaspaceReclaimPolicy: balanced
 - commit_granule_bytes: 65536.
 - commit_granule_words: 8192.
 - virtual_space_node_default_size: 8388608.
 - enlarge_chunks_in_place: 1.
 - new_chunks_are_fully_committed: 0.
 - uncommit_free_chunks: 1.
 - use_allocation_guard: 0.
 - handle_deallocations: 1.


Internal statistics:

num_allocs_failed_limit: 3.
num_arena_births: 728.
num_arena_deaths: 0.
num_vsnodes_births: 2.
num_vsnodes_deaths: 0.
num_space_committed: 937.
num_space_uncommitted: 0.
num_chunks_returned_to_freelist: 3.
num_chunks_taken_from_freelist: 2805.
num_chunk_merges: 3.
num_chunk_splits: 1801.
num_chunks_enlarged: 1181.
num_inconsistent_stats: 0.

CodeHeap 'non-profiled nmethods': size=120000Kb used=2367Kb max_used=3114Kb free=117632Kb
 bounds [0x00000233cba00000, 0x00000233cbd10000, 0x00000233d2f30000]
CodeHeap 'profiled nmethods': size=120000Kb used=9405Kb max_used=10849Kb free=110595Kb
 bounds [0x00000233c3f30000, 0x00000233c49d0000, 0x00000233cb460000]
CodeHeap 'non-nmethods': size=5760Kb used=2319Kb max_used=2349Kb free=3440Kb
 bounds [0x00000233cb460000, 0x00000233cb6d0000, 0x00000233cba00000]
 total_blobs=5551 nmethods=4705 adapters=758
 compilation: enabled
              stopped_count=0, restarted_count=0
 full_count=0

Compilation events (20 events):
Event: 48.913 Thread 0x00000233da03fb70 nmethod 5468 0x00000233c41ee110 code [0x00000233c41ee2e0, 0x00000233c41ee688]
Event: 48.913 Thread 0x00000233da03fb70 5469       3       com.google.common.collect.Sets$SetView::<init> (5 bytes)
Event: 48.913 Thread 0x00000233da03fb70 nmethod 5469 0x00000233c468ed10 code [0x00000233c468eec0, 0x00000233c468f138]
Event: 48.913 Thread 0x00000233da03fb70 5470       3       com.google.common.collect.RegularImmutableMap$KeySet::size (8 bytes)
Event: 48.913 Thread 0x00000233da03fb70 nmethod 5470 0x00000233c43cf310 code [0x00000233c43cf4a0, 0x00000233c43cf618]
Event: 48.913 Thread 0x00000233da03dbf0 nmethod 5447 0x00000233cba8d710 code [0x00000233cba8d8a0, 0x00000233cba8d9f8]
Event: 48.916 Thread 0x00000233da03fb70 5471       3       com.google.common.collect.AbstractIterator::<init> (12 bytes)
Event: 48.916 Thread 0x00000233da03fb70 nmethod 5471 0x00000233c468e810 code [0x00000233c468e9c0, 0x00000233c468ebf8]
Event: 48.916 Thread 0x00000233da03fb70 5472       3       org.gradle.api.internal.attributes.DefaultMutableAttributeContainer::keySet (25 bytes)
Event: 48.918 Thread 0x00000233da03fb70 nmethod 5472 0x00000233c4011e90 code [0x00000233c4012100, 0x00000233c4012c08]
Event: 48.918 Thread 0x00000233da03fb70 5473       3       java.util.Collections$EmptyMap::keySet (4 bytes)
Event: 48.918 Thread 0x00000233da03fb70 nmethod 5473 0x00000233c4498690 code [0x00000233c4498820, 0x00000233c4498998]
Event: 48.921 Thread 0x00000233da03fb70 5474       3       java.util.AbstractCollection::toArray (70 bytes)
Event: 48.921 Thread 0x00000233da03fb70 nmethod 5474 0x00000233c41dbc90 code [0x00000233c41dbee0, 0x00000233c41dc848]
Event: 48.926 Thread 0x00000233da03fb70 5475       3       java.util.stream.ReferencePipeline::collect (124 bytes)
Event: 48.927 Thread 0x00000233da03dbf0 5476       4       java.util.LinkedHashMap$LinkedHashIterator::<init> (31 bytes)
Event: 48.927 Thread 0x00000233da03fb70 nmethod 5475 0x00000233c403b190 code [0x00000233c403b420, 0x00000233c403c048]
Event: 48.927 Thread 0x00000233da03fb70 5477       3       com.google.common.collect.IndexedImmutableSet$1::size (8 bytes)
Event: 48.928 Thread 0x00000233da03fb70 nmethod 5477 0x00000233c4272490 code [0x00000233c4272640, 0x00000233c4272838]
Event: 48.928 Thread 0x00000233da03fb70 5478       3       java.util.stream.Collectors$$Lambda$70/0x000000010016ede8::get (8 bytes)

GC Heap History (20 events):
Event: 40.016 GC heap after
{Heap after GC invocations=31 (full 0):
 garbage-first heap   total 76800K, used 47419K [0x0000000080000000, 0x0000000100000000)
  region size 1024K, 2 young (2048K), 2 survivors (2048K)
 Metaspace       used 45180K, committed 45632K, reserved 1114112K
  class space    used 6081K, committed 6272K, reserved 1048576K
}
Event: 41.545 GC heap before
{Heap before GC invocations=32 (full 0):
 garbage-first heap   total 91136K, used 65851K [0x0000000080000000, 0x0000000100000000)
  region size 1024K, 16 young (16384K), 2 survivors (2048K)
 Metaspace       used 47800K, committed 48192K, reserved 1114112K
  class space    used 6349K, committed 6528K, reserved 1048576K
}
Event: 41.552 GC heap after
{Heap after GC invocations=33 (full 0):
 garbage-first heap   total 91136K, used 48402K [0x0000000080000000, 0x0000000100000000)
  region size 1024K, 2 young (2048K), 2 survivors (2048K)
 Metaspace       used 47800K, committed 48192K, reserved 1114112K
  class space    used 6349K, committed 6528K, reserved 1048576K
}
Event: 42.802 GC heap before
{Heap before GC invocations=33 (full 0):
 garbage-first heap   total 91136K, used 70930K [0x0000000080000000, 0x0000000100000000)
  region size 1024K, 25 young (25600K), 2 survivors (2048K)
 Metaspace       used 50480K, committed 50880K, reserved 1114112K
  class space    used 6808K, committed 6976K, reserved 1048576K
}
Event: 42.809 GC heap after
{Heap after GC invocations=34 (full 0):
 garbage-first heap   total 91136K, used 49420K [0x0000000080000000, 0x0000000100000000)
  region size 1024K, 3 young (3072K), 3 survivors (3072K)
 Metaspace       used 50480K, committed 50880K, reserved 1114112K
  class space    used 6808K, committed 6976K, reserved 1048576K
}
Event: 43.724 GC heap before
{Heap before GC invocations=35 (full 0):
 garbage-first heap   total 91136K, used 56588K [0x0000000080000000, 0x0000000100000000)
  region size 1024K, 11 young (11264K), 3 survivors (3072K)
 Metaspace       used 50816K, committed 51264K, reserved 1114112K
  class space    used 6855K, committed 7040K, reserved 1048576K
}
Event: 43.732 GC heap after
{Heap after GC invocations=36 (full 0):
 garbage-first heap   total 91136K, used 50990K [0x0000000080000000, 0x0000000100000000)
  region size 1024K, 3 young (3072K), 3 survivors (3072K)
 Metaspace       used 50816K, committed 51264K, reserved 1114112K
  class space    used 6855K, committed 7040K, reserved 1048576K
}
Event: 44.325 GC heap before
{Heap before GC invocations=37 (full 0):
 garbage-first heap   total 94208K, used 64302K [0x0000000080000000, 0x0000000100000000)
  region size 1024K, 10 young (10240K), 3 survivors (3072K)
 Metaspace       used 51097K, committed 51584K, reserved 1114112K
  class space    used 6903K, committed 7104K, reserved 1048576K
}
Event: 44.340 GC heap after
{Heap after GC invocations=38 (full 0):
 garbage-first heap   total 94208K, used 61351K [0x0000000080000000, 0x0000000100000000)
  region size 1024K, 3 young (3072K), 3 survivors (3072K)
 Metaspace       used 51097K, committed 51584K, reserved 1114112K
  class space    used 6903K, committed 7104K, reserved 1048576K
}
Event: 44.836 GC heap before
{Heap before GC invocations=39 (full 0):
 garbage-first heap   total 114688K, used 70567K [0x0000000080000000, 0x0000000100000000)
  region size 1024K, 9 young (9216K), 3 survivors (3072K)
 Metaspace       used 51456K, committed 51968K, reserved 1114112K
  class space    used 6928K, committed 7168K, reserved 1048576K
}
Event: 44.843 GC heap after
{Heap after GC invocations=40 (full 0):
 garbage-first heap   total 114688K, used 68235K [0x0000000080000000, 0x0000000100000000)
  region size 1024K, 2 young (2048K), 2 survivors (2048K)
 Metaspace       used 51456K, committed 51968K, reserved 1114112K
  class space    used 6928K, committed 7168K, reserved 1048576K
}
Event: 45.933 GC heap before
{Heap before GC invocations=41 (full 0):
 garbage-first heap   total 121856K, used 84619K [0x0000000080000000, 0x0000000100000000)
  region size 1024K, 17 young (17408K), 2 survivors (2048K)
 Metaspace       used 53544K, committed 54144K, reserved 1114112K
  class space    used 7143K, committed 7424K, reserved 1048576K
}
Event: 45.938 GC heap after
{Heap after GC invocations=42 (full 0):
 garbage-first heap   total 121856K, used 68556K [0x0000000080000000, 0x0000000100000000)
  region size 1024K, 2 young (2048K), 2 survivors (2048K)
 Metaspace       used 53544K, committed 54144K, reserved 1114112K
  class space    used 7143K, committed 7424K, reserved 1048576K
}
Event: 46.984 GC heap before
{Heap before GC invocations=42 (full 0):
 garbage-first heap   total 121856K, used 89036K [0x0000000080000000, 0x0000000100000000)
  region size 1024K, 22 young (22528K), 2 survivors (2048K)
 Metaspace       used 54448K, committed 55104K, reserved 1114112K
  class space    used 7299K, committed 7616K, reserved 1048576K
}
Event: 46.999 GC heap after
{Heap after GC invocations=43 (full 0):
 garbage-first heap   total 121856K, used 69288K [0x0000000080000000, 0x0000000100000000)
  region size 1024K, 2 young (2048K), 2 survivors (2048K)
 Metaspace       used 54448K, committed 55104K, reserved 1114112K
  class space    used 7299K, committed 7616K, reserved 1048576K
}
Event: 48.044 GC heap before
{Heap before GC invocations=44 (full 0):
 garbage-first heap   total 121856K, used 91816K [0x0000000080000000, 0x0000000100000000)
  region size 1024K, 24 young (24576K), 2 survivors (2048K)
 Metaspace       used 56490K, committed 57088K, reserved 1114112K
  class space    used 7636K, committed 7936K, reserved 1048576K
}
Event: 48.057 GC heap after
{Heap after GC invocations=45 (full 0):
 garbage-first heap   total 121856K, used 71084K [0x0000000080000000, 0x0000000100000000)
  region size 1024K, 3 young (3072K), 3 survivors (3072K)
 Metaspace       used 56490K, committed 57088K, reserved 1114112K
  class space    used 7636K, committed 7936K, reserved 1048576K
}
Event: 48.126 GC heap before
{Heap before GC invocations=45 (full 0):
 garbage-first heap   total 121856K, used 72108K [0x0000000080000000, 0x0000000100000000)
  region size 1024K, 5 young (5120K), 3 survivors (3072K)
 Metaspace       used 56688K, committed 57216K, reserved 1114112K
  class space    used 7680K, committed 7936K, reserved 1048576K
}
Event: 48.155 GC heap after
{Heap after GC invocations=46 (full 0):
 garbage-first heap   total 121856K, used 71084K [0x0000000080000000, 0x0000000100000000)
  region size 1024K, 1 young (1024K), 1 survivors (1024K)
 Metaspace       used 56688K, committed 57216K, reserved 1114112K
  class space    used 7680K, committed 7936K, reserved 1048576K
}
Event: 48.928 GC heap before
{Heap before GC invocations=46 (full 0):
 garbage-first heap   total 121856K, used 94636K [0x0000000080000000, 0x0000000100000000)
  region size 1024K, 24 young (24576K), 1 survivors (1024K)
 Metaspace       used 59314K, committed 59968K, reserved 1114112K
  class space    used 8118K, committed 8384K, reserved 1048576K
}

Dll operation events (3 events):
Event: 1.469 Loaded shared library C:\Program Files\Android\Android Studio\jbr\bin\java.dll
Event: 3.987 Loaded shared library C:\Program Files\Android\Android Studio\jbr\bin\zip.dll
Event: 10.018 Loaded shared library C:\Program Files\Android\Android Studio\jbr\bin\verify.dll

Deoptimization events (20 events):
Event: 48.292 Thread 0x00000233dfa8f470 Uncommon trap: trap_request=0xffffff45 fr.pc=0x00000233cbc1b7c0 relative=0x0000000000001840
Event: 48.292 Thread 0x00000233dfa8f470 Uncommon trap: reason=unstable_if action=reinterpret pc=0x00000233cbc1b7c0 method=java.util.concurrent.ConcurrentHashMap.computeIfAbsent(Ljava/lang/Object;Ljava/util/function/Function;)Ljava/lang/Object; @ 123 c2
Event: 48.292 Thread 0x00000233dfa8f470 DEOPT PACKING pc=0x00000233cbc1b7c0 sp=0x000000b4b1ff9470
Event: 48.292 Thread 0x00000233dfa8f470 DEOPT UNPACKING pc=0x00000233cb4b699d sp=0x000000b4b1ff9400 mode 2
Event: 48.333 Thread 0x00000233dfa8f470 Uncommon trap: trap_request=0xffffff45 fr.pc=0x00000233cba7002c relative=0x000000000000018c
Event: 48.333 Thread 0x00000233dfa8f470 Uncommon trap: reason=unstable_if action=reinterpret pc=0x00000233cba7002c method=java.net.URI$Parser.scan(IILjava/lang/String;)I @ 26 c2
Event: 48.333 Thread 0x00000233dfa8f470 DEOPT PACKING pc=0x00000233cba7002c sp=0x000000b4b1ff8b70
Event: 48.333 Thread 0x00000233dfa8f470 DEOPT UNPACKING pc=0x00000233cb4b699d sp=0x000000b4b1ff8b00 mode 2
Event: 48.554 Thread 0x00000233dfa8f470 Uncommon trap: trap_request=0xffffffc6 fr.pc=0x00000233cbb7798c relative=0x000000000000024c
Event: 48.554 Thread 0x00000233dfa8f470 Uncommon trap: reason=bimorphic_or_optimized_type_check action=maybe_recompile pc=0x00000233cbb7798c method=com.google.common.base.CharMatcher.indexIn(Ljava/lang/CharSequence;I)I @ 31 c2
Event: 48.554 Thread 0x00000233dfa8f470 DEOPT PACKING pc=0x00000233cbb7798c sp=0x000000b4b1ff8d90
Event: 48.554 Thread 0x00000233dfa8f470 DEOPT UNPACKING pc=0x00000233cb4b699d sp=0x000000b4b1ff8d38 mode 2
Event: 48.566 Thread 0x00000233dfa8f470 Uncommon trap: trap_request=0xffffffc6 fr.pc=0x00000233cbb7798c relative=0x000000000000024c
Event: 48.566 Thread 0x00000233dfa8f470 Uncommon trap: reason=bimorphic_or_optimized_type_check action=maybe_recompile pc=0x00000233cbb7798c method=com.google.common.base.CharMatcher.indexIn(Ljava/lang/CharSequence;I)I @ 31 c2
Event: 48.566 Thread 0x00000233dfa8f470 DEOPT PACKING pc=0x00000233cbb7798c sp=0x000000b4b1ff83f0
Event: 48.566 Thread 0x00000233dfa8f470 DEOPT UNPACKING pc=0x00000233cb4b699d sp=0x000000b4b1ff8398 mode 2
Event: 48.604 Thread 0x00000233dfa8f470 Uncommon trap: trap_request=0xffffff45 fr.pc=0x00000233cba6c2bc relative=0x000000000000019c
Event: 48.604 Thread 0x00000233dfa8f470 Uncommon trap: reason=unstable_if action=reinterpret pc=0x00000233cba6c2bc method=java.net.URI$Parser.scan(IILjava/lang/String;)I @ 26 c2
Event: 48.604 Thread 0x00000233dfa8f470 DEOPT PACKING pc=0x00000233cba6c2bc sp=0x000000b4b1ff71d0
Event: 48.604 Thread 0x00000233dfa8f470 DEOPT UNPACKING pc=0x00000233cb4b699d sp=0x000000b4b1ff7180 mode 2

Classes unloaded (0 events):
No events

Classes redefined (0 events):
No events

Internal exceptions (20 events):
Event: 47.618 Thread 0x00000233dfa8f470 Exception <a 'java/lang/ClassNotFoundException'{0x000000008704de08}: org/jetbrains/plugins/gradle/model/web/WebConfigurationCustomizer> (0x000000008704de08) 
thrown [s\src\hotspot\share\classfile\systemDictionary.cpp, line 256]
Event: 47.625 Thread 0x00000233dfa8f470 Exception <a 'java/lang/ClassNotFoundException'{0x0000000086f6a910}: java/lang/StringBeanInfo> (0x0000000086f6a910) 
thrown [s\src\hotspot\share\classfile\systemDictionary.cpp, line 256]
Event: 47.626 Thread 0x00000233dfa8f470 Exception <a 'java/lang/ClassNotFoundException'{0x0000000086f6f210}: java/lang/StringCustomizer> (0x0000000086f6f210) 
thrown [s\src\hotspot\share\classfile\systemDictionary.cpp, line 256]
Event: 47.884 Thread 0x00000233dfa8f470 Exception <a 'java/lang/ClassNotFoundException'{0x0000000086619668}: org/gradle/api/internal/project/DefaultProject_DecoratedBeanInfo> (0x0000000086619668) 
thrown [s\src\hotspot\share\classfile\systemDictionary.cpp, line 256]
Event: 47.885 Thread 0x00000233dfa8f470 Exception <a 'java/lang/ClassNotFoundException'{0x0000000086627838}: org/gradle/api/internal/project/DefaultProjectBeanInfo> (0x0000000086627838) 
thrown [s\src\hotspot\share\classfile\systemDictionary.cpp, line 256]
Event: 47.886 Thread 0x00000233dfa8f470 Exception <a 'java/lang/ClassNotFoundException'{0x0000000086635a30}: org/gradle/api/internal/project/DefaultProjectCustomizer> (0x0000000086635a30) 
thrown [s\src\hotspot\share\classfile\systemDictionary.cpp, line 256]
Event: 47.896 Thread 0x00000233dfa8f470 Exception <a 'java/lang/ClassNotFoundException'{0x00000000866e1318}: org/gradle/api/internal/project/DefaultProject_DecoratedCustomizer> (0x00000000866e1318) 
thrown [s\src\hotspot\share\classfile\systemDictionary.cpp, line 256]
Event: 48.209 Thread 0x00000233dfa8f470 Exception <a 'java/lang/NoSuchMethodError'{0x000000008758e948}: 'long java.lang.invoke.DirectMethodHandle$Holder.invokeStatic(java.lang.Object, long)'> (0x000000008758e948) 
thrown [s\src\hotspot\share\interpreter\linkResolver.cpp, line 771]
Event: 48.402 Thread 0x00000233dfa8f470 Exception <a 'java/lang/NoSuchMethodError'{0x0000000086e88378}: 'void java.lang.invoke.DirectMethodHandle$Holder.invokeStatic(java.lang.Object, java.lang.Object, java.lang.Object, java.lang.Object, java.lang.Object, java.lang.Object)'> (0x0000000086e88378) 
thrown [s\src\hotspot\share\interpreter\linkResolver.cpp, line 771]
Event: 48.432 Thread 0x00000233dfa8f470 Exception <a 'java/lang/NoSuchMethodError'{0x0000000086d09b08}: 'java.lang.Object java.lang.invoke.DirectMethodHandle$Holder.invokeSpecial(java.lang.Object, java.lang.Object, java.lang.Object, java.lang.Object, java.lang.Object, java.lang.Object, java.lang.Object, java.lang.Object, java.lang.Object, java.lang.Object, java.lang.Object, java.lang.Object, java.lang.Object, java.lang.Object, java.lang.Object, java.lang.Object, java.lang.Object, java.lang.Object, java.lang.Object, java.lang.Object, java.lang.Ob
Event: 48.433 Thread 0x00000233dfa8f470 Exception <a 'java/lang/NoSuchMethodError'{0x0000000086d10018}: 'java.lang.Object java.lang.invoke.DelegatingMethodHandle$Holder.reinvoke_L(java.lang.Object, java.lang.Object, java.lang.Object, java.lang.Object, java.lang.Object, java.lang.Object, java.lang.Object, java.lang.Object, java.lang.Object, java.lang.Object, java.lang.Object, java.lang.Object, java.lang.Object, java.lang.Object, java.lang.Object, java.lang.Object, java.lang.Object, java.lang.Object, java.lang.Object, java.lang.Object, java.lang.O
Event: 48.434 Thread 0x00000233dfa8f470 Exception <a 'java/lang/NoSuchMethodError'{0x0000000086d1ba60}: 'java.lang.Object java.lang.invoke.Invokers$Holder.invoker(java.lang.Object, java.lang.Object, java.lang.Object, java.lang.Object, java.lang.Object, java.lang.Object, java.lang.Object, java.lang.Object, java.lang.Object, java.lang.Object, java.lang.Object, java.lang.Object, java.lang.Object, java.lang.Object, java.lang.Object, java.lang.Object, java.lang.Object, java.lang.Object, java.lang.Object, java.lang.Object, java.lang.Object, java.lang.
Event: 48.434 Thread 0x00000233dfa8f470 Exception <a 'java/lang/NoSuchMethodError'{0x0000000086d22660}: 'java.lang.Object java.lang.invoke.DelegatingMethodHandle$Holder.delegate(java.lang.Object, java.lang.Object, java.lang.Object, java.lang.Object, java.lang.Object, java.lang.Object, java.lang.Object, java.lang.Object, java.lang.Object, java.lang.Object, java.lang.Object, java.lang.Object, java.lang.Object, java.lang.Object, java.lang.Object, java.lang.Object, java.lang.Object, java.lang.Object, java.lang.Object, java.lang.Object, java.lang.Obj
Event: 48.452 Thread 0x00000233dfa8f470 Exception <a 'java/lang/NoSuchMethodError'{0x0000000086c07dc0}: 'java.lang.Object java.lang.invoke.DirectMethodHandle$Holder.invokeStatic(java.lang.Object, java.lang.Object, java.lang.Object, java.lang.Object, java.lang.Object, java.lang.Object, java.lang.Object, java.lang.Object, java.lang.Object, java.lang.Object, java.lang.Object, java.lang.Object, java.lang.Object, java.lang.Object, java.lang.Object, java.lang.Object, java.lang.Object, java.lang.Object, java.lang.Object, java.lang.Object, java.lang.Obj
Event: 48.710 Thread 0x00000233dfa8f470 Exception <a 'java/lang/NoSuchMethodError'{0x000000008657a110}: 'int java.lang.invoke.DirectMethodHandle$Holder.invokeSpecialIFC(java.lang.Object, java.lang.Object, java.lang.Object)'> (0x000000008657a110) 
thrown [s\src\hotspot\share\interpreter\linkResolver.cpp, line 771]
Event: 48.799 Thread 0x00000233dfa8f470 Exception <a 'java/lang/NoSuchMethodError'{0x00000000861306d8}: 'java.lang.Object java.lang.invoke.DirectMethodHandle$Holder.newInvokeSpecial(java.lang.Object, java.lang.Object, java.lang.Object, java.lang.Object, java.lang.Object, int)'> (0x00000000861306d8) 
thrown [s\src\hotspot\share\interpreter\linkResolver.cpp, line 771]
Event: 48.800 Thread 0x00000233dfa8f470 Exception <a 'java/lang/NoSuchMethodError'{0x0000000086135dd8}: 'java.lang.Object java.lang.invoke.DirectMethodHandle$Holder.invokeSpecial(java.lang.Object, java.lang.Object, java.lang.Object, java.lang.Object, java.lang.Object, java.lang.Object, int)'> (0x0000000086135dd8) 
thrown [s\src\hotspot\share\interpreter\linkResolver.cpp, line 771]
Event: 48.800 Thread 0x00000233dfa8f470 Exception <a 'java/lang/NoSuchMethodError'{0x000000008613ae60}: 'java.lang.Object java.lang.invoke.Invokers$Holder.linkToTargetMethod(java.lang.Object, java.lang.Object, java.lang.Object, java.lang.Object, int, java.lang.Object)'> (0x000000008613ae60) 
thrown [s\src\hotspot\share\interpreter\linkResolver.cpp, line 771]
Event: 48.806 Thread 0x00000233dfa8f470 Exception <a 'java/lang/NoSuchMethodError'{0x000000008616d8d8}: 'java.lang.Object java.lang.invoke.DirectMethodHandle$Holder.invokeSpecial(java.lang.Object, java.lang.Object, java.lang.Object, java.lang.Object, java.lang.Object, long)'> (0x000000008616d8d8) 
thrown [s\src\hotspot\share\interpreter\linkResolver.cpp, line 771]
Event: 48.809 Thread 0x00000233dfa8f470 Exception <a 'java/lang/NoSuchMethodError'{0x0000000086191130}: 'void java.lang.invoke.DirectMethodHandle$Holder.invokeStatic(java.lang.Object, java.lang.Object, java.lang.Object, int, java.lang.Object)'> (0x0000000086191130) 
thrown [s\src\hotspot\share\interpreter\linkResolver.cpp, line 771]

VM Operations (20 events):
Event: 47.124 Executing VM operation: G1PauseRemark done
Event: 47.173 Executing VM operation: G1PauseCleanup
Event: 47.191 Executing VM operation: G1PauseCleanup done
Event: 47.724 Executing VM operation: HandshakeAllThreads
Event: 47.724 Executing VM operation: HandshakeAllThreads done
Event: 47.782 Executing VM operation: HandshakeAllThreads
Event: 47.782 Executing VM operation: HandshakeAllThreads done
Event: 47.782 Executing VM operation: HandshakeAllThreads
Event: 47.782 Executing VM operation: HandshakeAllThreads done
Event: 47.808 Executing VM operation: HandshakeAllThreads
Event: 47.808 Executing VM operation: HandshakeAllThreads done
Event: 48.044 Executing VM operation: G1CollectForAllocation
Event: 48.057 Executing VM operation: G1CollectForAllocation done
Event: 48.126 Executing VM operation: G1CollectForAllocation
Event: 48.155 Executing VM operation: G1CollectForAllocation done
Event: 48.422 Executing VM operation: HandshakeAllThreads
Event: 48.422 Executing VM operation: HandshakeAllThreads done
Event: 48.737 Executing VM operation: HandshakeAllThreads
Event: 48.737 Executing VM operation: HandshakeAllThreads done
Event: 48.928 Executing VM operation: G1CollectForAllocation

Events (20 events):
Event: 48.346 loading class javax/net/ssl/TrustManager done
Event: 48.346 loading class javax/net/ssl/X509TrustManager
Event: 48.347 loading class javax/net/ssl/X509TrustManager done
Event: 48.353 loading class javax/net/ssl/SSLException
Event: 48.353 loading class javax/net/ssl/SSLException done
Event: 48.353 loading class javax/net/ssl/SSLPeerUnverifiedException
Event: 48.353 loading class javax/net/ssl/SSLPeerUnverifiedException done
Event: 48.353 loading class java/security/cert/CertificateParsingException
Event: 48.354 loading class java/security/cert/CertificateException
Event: 48.354 loading class java/security/cert/CertificateException done
Event: 48.354 loading class java/security/cert/CertificateParsingException done
Event: 48.355 loading class javax/naming/NamingException
Event: 48.357 loading class javax/naming/NamingException done
Event: 48.357 loading class javax/naming/InvalidNameException
Event: 48.358 loading class javax/naming/InvalidNameException done
Event: 48.417 loading class java/util/Collections$SingletonMap
Event: 48.418 loading class java/util/Collections$SingletonMap done
Event: 48.425 Thread 0x00000233e0b1ad40 Thread added: 0x00000233e0b1ad40
Event: 48.449 loading class java/lang/invoke/BoundMethodHandle$Species_LLLLLLLLLLLLLLLLLLLLLLLL
Event: 48.449 loading class java/lang/invoke/BoundMethodHandle$Species_LLLLLLLLLLLLLLLLLLLLLLLL done


Dynamic libraries:
0x00007ff6c8750000 - 0x00007ff6c875a000 	C:\Program Files\Android\Android Studio\jbr\bin\java.exe
0x00007ff8d4c10000 - 0x00007ff8d4e08000 	C:\Windows\SYSTEM32\ntdll.dll
0x00007ff8d3990000 - 0x00007ff8d3a51000 	C:\Windows\System32\KERNEL32.DLL
0x00007ff8d2450000 - 0x00007ff8d274d000 	C:\Windows\System32\KERNELBASE.dll
0x00007ff8d2870000 - 0x00007ff8d2970000 	C:\Windows\System32\ucrtbase.dll
0x00007ff8aac00000 - 0x00007ff8aac1b000 	C:\Program Files\Android\Android Studio\jbr\bin\VCRUNTIME140.dll
0x00007ff8a8b00000 - 0x00007ff8a8b17000 	C:\Program Files\Android\Android Studio\jbr\bin\jli.dll
0x00007ff8d3000000 - 0x00007ff8d319d000 	C:\Windows\System32\USER32.dll
0x00007ff8d2c10000 - 0x00007ff8d2c32000 	C:\Windows\System32\win32u.dll
0x00007ff8d3950000 - 0x00007ff8d397b000 	C:\Windows\System32\GDI32.dll
0x00007ff8d22c0000 - 0x00007ff8d23d7000 	C:\Windows\System32\gdi32full.dll
0x00007ff8d2780000 - 0x00007ff8d281d000 	C:\Windows\System32\msvcp_win.dll
0x00007ff8bfd50000 - 0x00007ff8bffea000 	C:\Windows\WinSxS\amd64_microsoft.windows.common-controls_6595b64144ccf1df_6.0.19041.4355_none_60b8b9eb71f62e16\COMCTL32.dll
0x00007ff8d31a0000 - 0x00007ff8d323e000 	C:\Windows\System32\msvcrt.dll
0x00007ff8d3710000 - 0x00007ff8d373f000 	C:\Windows\System32\IMM32.DLL
0x00007ff8bc210000 - 0x00007ff8bc21c000 	C:\Program Files\Android\Android Studio\jbr\bin\vcruntime140_1.dll
0x00007ff8a9270000 - 0x00007ff8a92fd000 	C:\Program Files\Android\Android Studio\jbr\bin\msvcp140.dll
0x00007ff895dd0000 - 0x00007ff896a53000 	C:\Program Files\Android\Android Studio\jbr\bin\server\jvm.dll
0x00007ff8d3c60000 - 0x00007ff8d3d10000 	C:\Windows\System32\ADVAPI32.dll
0x00007ff8d3b30000 - 0x00007ff8d3bd0000 	C:\Windows\System32\sechost.dll
0x00007ff8d4630000 - 0x00007ff8d4753000 	C:\Windows\System32\RPCRT4.dll
0x00007ff8d2750000 - 0x00007ff8d2777000 	C:\Windows\System32\bcrypt.dll
0x00007ff8d1bb0000 - 0x00007ff8d1bfb000 	C:\Windows\SYSTEM32\POWRPROF.dll
0x00007ff8c40c0000 - 0x00007ff8c40c9000 	C:\Windows\SYSTEM32\WSOCK32.dll
0x00007ff8d36a0000 - 0x00007ff8d370b000 	C:\Windows\System32\WS2_32.dll
0x00007ff8c32d0000 - 0x00007ff8c32da000 	C:\Windows\SYSTEM32\VERSION.dll
0x00007ff8c3770000 - 0x00007ff8c3797000 	C:\Windows\SYSTEM32\WINMM.dll
0x00007ff8d1b90000 - 0x00007ff8d1ba2000 	C:\Windows\SYSTEM32\UMPDC.dll
0x00007ff8cfff0000 - 0x00007ff8d0002000 	C:\Windows\SYSTEM32\kernel.appcore.dll
0x00007ff8bc490000 - 0x00007ff8bc49a000 	C:\Program Files\Android\Android Studio\jbr\bin\jimage.dll
0x00007ff8c1350000 - 0x00007ff8c1534000 	C:\Windows\SYSTEM32\DBGHELP.DLL
0x00007ff8c0740000 - 0x00007ff8c0774000 	C:\Windows\SYSTEM32\dbgcore.DLL
0x00007ff8d2970000 - 0x00007ff8d29f2000 	C:\Windows\System32\bcryptPrimitives.dll
0x00007ff8bbbb0000 - 0x00007ff8bbbbe000 	C:\Program Files\Android\Android Studio\jbr\bin\instrument.dll
0x00007ff8a9a20000 - 0x00007ff8a9a45000 	C:\Program Files\Android\Android Studio\jbr\bin\java.dll
0x00007ff8a9a00000 - 0x00007ff8a9a18000 	C:\Program Files\Android\Android Studio\jbr\bin\zip.dll
0x00007ff8d3d10000 - 0x00007ff8d447f000 	C:\Windows\System32\SHELL32.dll
0x00007ff8d0300000 - 0x00007ff8d0a9f000 	C:\Windows\SYSTEM32\windows.storage.dll
0x00007ff8d2ca0000 - 0x00007ff8d2ff3000 	C:\Windows\System32\combase.dll
0x00007ff8d1c00000 - 0x00007ff8d1c2e000 	C:\Windows\SYSTEM32\Wldp.dll
0x00007ff8d3320000 - 0x00007ff8d33ed000 	C:\Windows\System32\OLEAUT32.dll
0x00007ff8d37a0000 - 0x00007ff8d384d000 	C:\Windows\System32\SHCORE.dll
0x00007ff8d33f0000 - 0x00007ff8d3445000 	C:\Windows\System32\shlwapi.dll
0x00007ff8d21f0000 - 0x00007ff8d2214000 	C:\Windows\SYSTEM32\profapi.dll
0x00007ff8a9930000 - 0x00007ff8a9949000 	C:\Program Files\Android\Android Studio\jbr\bin\net.dll
0x00007ff8ca6a0000 - 0x00007ff8ca7ad000 	C:\Windows\SYSTEM32\WINHTTP.dll
0x00007ff8d1970000 - 0x00007ff8d19da000 	C:\Windows\system32\mswsock.dll
0x00007ff8a9910000 - 0x00007ff8a9926000 	C:\Program Files\Android\Android Studio\jbr\bin\nio.dll
0x00007ff8bbd90000 - 0x00007ff8bbda0000 	C:\Program Files\Android\Android Studio\jbr\bin\verify.dll
0x00007ff8bc050000 - 0x00007ff8bc077000 	C:\Users\ABHISHEK\.gradle\native\c067742578af261105cb4f569cf0c3c89f3d7b1fecec35dd04571415982c5e48\windows-amd64\native-platform.dll
0x00007ff8a8e90000 - 0x00007ff8a8fd4000 	C:\Users\ABHISHEK\.gradle\native\38dada09dfb8b06ba9b0570ebf7e218e3eb74d4ef43ca46872605cf95ebc2f47\windows-amd64\native-platform-file-events.dll
0x00007ff8ccb50000 - 0x00007ff8ccb59000 	C:\Program Files\Android\Android Studio\jbr\bin\management.dll
0x00007ff8bc0a0000 - 0x00007ff8bc0ab000 	C:\Program Files\Android\Android Studio\jbr\bin\management_ext.dll
0x00007ff8d3980000 - 0x00007ff8d3988000 	C:\Windows\System32\PSAPI.DLL
0x00007ff8d1f50000 - 0x00007ff8d1f68000 	C:\Windows\SYSTEM32\CRYPTSP.dll
0x00007ff8d1250000 - 0x00007ff8d1284000 	C:\Windows\system32\rsaenh.dll
0x00007ff8d21a0000 - 0x00007ff8d21ce000 	C:\Windows\SYSTEM32\USERENV.dll
0x00007ff8d1b00000 - 0x00007ff8d1b0c000 	C:\Windows\SYSTEM32\CRYPTBASE.dll
0x00007ff8d1610000 - 0x00007ff8d164b000 	C:\Windows\SYSTEM32\IPHLPAPI.DLL
0x00007ff8d38c0000 - 0x00007ff8d38c8000 	C:\Windows\System32\NSI.dll
0x00007ff8cae40000 - 0x00007ff8cae57000 	C:\Windows\SYSTEM32\dhcpcsvc6.DLL
0x00007ff8cafb0000 - 0x00007ff8cafcd000 	C:\Windows\SYSTEM32\dhcpcsvc.DLL
0x00007ff8d1650000 - 0x00007ff8d171a000 	C:\Windows\SYSTEM32\DNSAPI.dll
0x00007ff8bc0f0000 - 0x00007ff8bc0f9000 	C:\Program Files\Android\Android Studio\jbr\bin\extnet.dll
0x00007ff8ccb80000 - 0x00007ff8ccb87000 	C:\Windows\system32\wshunix.dll

dbghelp: loaded successfully - version: 4.0.5 - missing functions: none
symbol engine: initialized successfully - sym options: 0x614 - pdb path: .;C:\Program Files\Android\Android Studio\jbr\bin;C:\Windows\SYSTEM32;C:\Windows\WinSxS\amd64_microsoft.windows.common-controls_6595b64144ccf1df_6.0.19041.4355_none_60b8b9eb71f62e16;C:\Program Files\Android\Android Studio\jbr\bin\server;C:\Users\ABHISHEK\.gradle\native\c067742578af261105cb4f569cf0c3c89f3d7b1fecec35dd04571415982c5e48\windows-amd64;C:\Users\ABHISHEK\.gradle\native\38dada09dfb8b06ba9b0570ebf7e218e3eb74d4ef43ca46872605cf95ebc2f47\windows-amd64

VM Arguments:
jvm_args: --add-opens=java.base/java.util=ALL-UNNAMED --add-opens=java.base/java.lang=ALL-UNNAMED --add-opens=java.base/java.lang.invoke=ALL-UNNAMED --add-opens=java.prefs/java.util.prefs=ALL-UNNAMED --add-opens=java.base/java.nio.charset=ALL-UNNAMED --add-opens=java.base/java.net=ALL-UNNAMED --add-opens=java.base/java.util.concurrent.atomic=ALL-UNNAMED -Xmx2048m -Dfile.encoding=UTF-8 -Duser.country=US -Duser.language=en -Duser.variant -javaagent:C:\Users\ABHISHEK\.gradle\wrapper\dists\gradle-8.7-bin\bhs2wmbdwecv87pi65oeuq5iu\gradle-8.7\lib\agents\gradle-instrumentation-agent-8.7.jar 
java_command: org.gradle.launcher.daemon.bootstrap.GradleDaemon 8.7
java_class_path (initial): C:\Users\ABHISHEK\.gradle\wrapper\dists\gradle-8.7-bin\bhs2wmbdwecv87pi65oeuq5iu\gradle-8.7\lib\gradle-launcher-8.7.jar
Launcher Type: SUN_STANDARD

[Global flags]
     intx CICompilerCount                          = 3                                         {product} {ergonomic}
     uint ConcGCThreads                            = 1                                         {product} {ergonomic}
     uint G1ConcRefinementThreads                  = 4                                         {product} {ergonomic}
   size_t G1HeapRegionSize                         = 1048576                                   {product} {ergonomic}
    uintx GCDrainStackTargetSize                   = 64                                        {product} {ergonomic}
   size_t InitialHeapSize                          = 50331648                                  {product} {ergonomic}
   size_t MarkStackSize                            = 4194304                                   {product} {ergonomic}
   size_t MaxHeapSize                              = 2147483648                                {product} {command line}
   size_t MaxNewSize                               = 1287651328                                {product} {ergonomic}
   size_t MinHeapDeltaBytes                        = 1048576                                   {product} {ergonomic}
   size_t MinHeapSize                              = 8388608                                   {product} {ergonomic}
    uintx NonNMethodCodeHeapSize                   = 5832780                                {pd product} {ergonomic}
    uintx NonProfiledCodeHeapSize                  = 122912730                              {pd product} {ergonomic}
    uintx ProfiledCodeHeapSize                     = 122912730                              {pd product} {ergonomic}
    uintx ReservedCodeCacheSize                    = 251658240                              {pd product} {ergonomic}
     bool SegmentedCodeCache                       = true                                      {product} {ergonomic}
   size_t SoftMaxHeapSize                          = 2147483648                             {manageable} {ergonomic}
     bool UseCompressedClassPointers               = true                           {product lp64_product} {ergonomic}
     bool UseCompressedOops                        = true                           {product lp64_product} {ergonomic}
     bool UseG1GC                                  = true                                      {product} {ergonomic}
     bool UseLargePagesIndividualAllocation        = false                                  {pd product} {ergonomic}

Logging:
Log output configuration:
 #0: stdout all=warning uptime,level,tags
 #1: stderr all=off uptime,level,tags

Environment Variables:
PATH=C:\Program Files\Common Files\Oracle\Java\javapath;C:\Windows\system32;C:\Windows;C:\Windows\System32\Wbem;C:\Windows\System32\WindowsPowerShell\v1.0\;C:\Windows\System32\OpenSSH\;C:\Program Files\Git\cmd;C:\Program Files\nodejs\;C:\ngrok-v3-stable-windows-amd64;C:\Program Files\MySQL\MySQL Server 8.0\bin;C:\Program Files\MySQL\MySQL Shell 8.0\bin\;C:\Users\ABHISHEK\AppData\Local\Microsoft\WindowsApps;C:\Users\ABHISHEK\AppData\Local\Programs\Microsoft VS Code\bin;C:\Users\ABHISHEK\AppData\Roaming\npm
USERNAME=ABHISHEK
OS=Windows_NT
PROCESSOR_IDENTIFIER=Intel64 Family 6 Model 37 Stepping 5, GenuineIntel
TMP=C:\Users\ABHISHEK\AppData\Local\Temp
TEMP=C:\Users\ABHISHEK\AppData\Local\Temp



Periodic native trim disabled

JNI global refs:
JNI global refs: 24, weak refs: 2

JNI global refs memory usage: 843, weak refs: 841

Process memory usage:
Resident Set Size: 217244K (7% of 3050516K total physical memory with 187324K free physical memory)

OOME stack traces (most recent first):
Classloader memory used:
Loader org.gradle.internal.classloader.VisitableURLClassLoader                         : 3567K
Loader bootstrap                                                                       : 2476K
Loader org.gradle.initialization.MixInLegacyTypesClassLoader                           : 1040K
Loader org.gradle.internal.classloader.VisitableURLClassLoader                         : 106K
Loader org.gradle.internal.classloader.VisitableURLClassLoader$InstrumentingVisitableURLClassLoader: 90312B
Loader jdk.internal.loader.ClassLoaders$PlatformClassLoader                            : 65236B
Loader jdk.internal.loader.ClassLoaders$AppClassLoader                                 : 28757B
Loader jdk.internal.reflect.DelegatingClassLoader                                      : 28442B
Loader org.gradle.groovy.scripts.internal.DefaultScriptCompilationHandler$ScriptClassLoader: 10703B
Loader org.codehaus.groovy.runtime.callsite.CallSiteClassLoader                        : 6077B

Classes loaded by more than one classloader:
Class org.gradle.internal.Cast                                                        : loaded 3 times (x 69B)
Class Program                                                                         : loaded 3 times (x 70B)
Class org.gradle.api.GradleException                                                  : loaded 3 times (x 80B)
Class org.gradle.internal.classpath.ClassPath                                         : loaded 2 times (x 68B)
Class org.gradle.api.internal.classpath.DefaultModuleRegistry                         : loaded 2 times (x 84B)
Class org.gradle.internal.exceptions.NonGradleCauseExceptionsHolder                   : loaded 2 times (x 68B)
Class Settings_gradle$1$1                                                             : loaded 2 times (x 72B)
Class org.gradle.api.Action                                                           : loaded 2 times (x 68B)
Class org.jetbrains.kotlin.idea.gradleTooling.model.samWithReceiver.SamWithReceiverModel: loaded 2 times (x 68B)
Class org.jetbrains.plugins.gradle.model.ExternalProject                              : loaded 2 times (x 68B)
Class org.jetbrains.plugins.gradle.model.IntelliJSettings                             : loaded 2 times (x 68B)
Class sync_studio_tooling11_e63neie5bgze4wknml9di6kqx                                 : loaded 2 times (x 177B)
Class org.jetbrains.kotlin.idea.gradleTooling.KotlinMPPGradleModel                    : loaded 2 times (x 68B)
Class org.gradle.api.internal.DefaultClassPathProvider                                : loaded 2 times (x 74B)
Class org.gradle.internal.installation.GradleInstallation$1                           : loaded 2 times (x 73B)
Class org.gradle.internal.exceptions.DefaultMultiCauseException                       : loaded 2 times (x 93B)
Class org.gradle.tooling.model.UnsupportedMethodException                             : loaded 2 times (x 80B)
Class org.gradle.internal.time.MonotonicClock                                         : loaded 2 times (x 75B)
Class org.gradle.internal.classloader.FilteringClassLoader                            : loaded 2 times (x 103B)
Class org.gradle.tooling.model.Model                                                  : loaded 2 times (x 68B)
Class org.gradle.internal.classpath.DefaultClassPath$ImmutableUniqueList$Builder      : loaded 2 times (x 73B)
Class org.jetbrains.kotlin.idea.gradleTooling.KotlinSourceSetContainer                : loaded 2 times (x 68B)
Class org.gradle.internal.classloader.ClassLoaderVisitor                              : loaded 2 times (x 74B)
Class org.gradle.internal.time.DefaultCountdownTimer                                  : loaded 2 times (x 86B)
Class org.gradle.internal.service.DefaultServiceLocator                               : loaded 2 times (x 81B)
Class org.jetbrains.plugins.gradle.model.jar.JarTaskManifestConfiguration             : loaded 2 times (x 68B)
Class org.gradle.internal.service.UnknownServiceException                             : loaded 2 times (x 81B)
Class org.jetbrains.plugins.gradle.model.DependencyAccessorsModel                     : loaded 2 times (x 68B)
Class org.gradle.internal.classloader.DefaultClassLoaderFactory                       : loaded 2 times (x 80B)
Class org.jetbrains.plugins.gradle.model.GradleExtensions                             : loaded 2 times (x 68B)
Class org.jetbrains.plugins.gradle.model.VersionCatalogsModel                         : loaded 2 times (x 68B)
Class org.gradle.internal.classloader.VisitableURLClassLoader$Spec                    : loaded 2 times (x 72B)
Class org.gradle.tooling.model.ProjectModel                                           : loaded 2 times (x 68B)
Class org.jetbrains.plugins.gradle.model.MavenRepositoryModel                         : loaded 2 times (x 68B)
Class org.gradle.tooling.internal.gradle.DefaultProjectIdentifier                     : loaded 2 times (x 84B)
Class org.gradle.util.GradleVersion                                                   : loaded 2 times (x 81B)
Class org.jetbrains.plugins.gradle.model.RepositoriesModel                            : loaded 2 times (x 68B)
Class kotlin.jvm.internal.markers.KMappedMarker                                       : loaded 2 times (x 68B)
Class org.gradle.api.internal.ClassPathProvider                                       : loaded 2 times (x 68B)
Class org.gradle.internal.classloader.ClasspathUtil$1                                 : loaded 2 times (x 74B)
Class org.gradle.internal.classloader.ClassLoaderFactory                              : loaded 2 times (x 68B)
Class org.gradle.api.internal.classpath.ManifestUtil                                  : loaded 2 times (x 69B)
Class org.gradle.api.specs.Spec                                                       : loaded 2 times (x 68B)
Class org.gradle.tooling.internal.gradle.GradleBuildIdentity                          : loaded 2 times (x 68B)
Class org.gradle.internal.IoActions                                                   : loaded 2 times (x 69B)
Class org.gradle.api.internal.classpath.EffectiveClassPath                            : loaded 2 times (x 88B)
Class kotlin.jvm.internal.DefaultConstructorMarker                                    : loaded 2 times (x 69B)
Class org.gradle.internal.exceptions.ResolutionProvider                               : loaded 2 times (x 68B)
Class org.jetbrains.kotlin.idea.gradleTooling.model.annotation.AnnotationBasedPluginModel: loaded 2 times (x 68B)
Class org.jetbrains.kotlin.idea.gradleTooling.model.assignment.AssignmentModel        : loaded 2 times (x 68B)
Class org.gradle.internal.installation.CurrentGradleInstallation                      : loaded 2 times (x 71B)
Class org.gradle.internal.agents.InstrumentingClassLoader                             : loaded 2 times (x 68B)
Class org.gradle.internal.installation.CurrentGradleInstallationLocator               : loaded 2 times (x 69B)
Class org.gradle.api.internal.classpath.Module                                        : loaded 2 times (x 68B)
Class org.gradle.internal.service.CachingServiceLocator                               : loaded 2 times (x 80B)
Class org.gradle.internal.time.Timer                                                  : loaded 2 times (x 68B)
Class org.jetbrains.plugins.gradle.model.tests.ExternalTestsModel                     : loaded 2 times (x 68B)
Class org.jetbrains.kotlin.idea.gradleTooling.KotlinDslScriptAdditionalTask           : loaded 2 times (x 68B)
Class org.gradle.internal.classpath.DefaultClassPath                                  : loaded 2 times (x 88B)
Class sync_studio_tooling11_e63neie5bgze4wknml9di6kqx$_run_closure1                   : loaded 2 times (x 137B)
Class com.intellij.openapi.externalSystem.model.project.dependencies.ProjectDependencies: loaded 2 times (x 68B)
Class org.jetbrains.kotlin.idea.gradleTooling.PrepareKotlinIdeImportTaskModel         : loaded 2 times (x 68B)
Class org.gradle.internal.impldep.com.google.common.base.Preconditions                : loaded 2 times (x 69B)
Class kotlin.jvm.functions.Function1                                                  : loaded 2 times (x 68B)
Class org.gradle.internal.time.Time                                                   : loaded 2 times (x 69B)
Class org.gradle.internal.time.TimeSource$1                                           : loaded 2 times (x 75B)
Class org.gradle.internal.classloader.SystemClassLoaderSpec                           : loaded 2 times (x 69B)
Class kotlin.Function                                                                 : loaded 2 times (x 68B)
Class org.gradle.api.UncheckedIOException                                             : loaded 2 times (x 80B)
Class org.gradle.api.internal.classpath.ModuleRegistry                                : loaded 2 times (x 68B)
Class org.gradle.tooling.internal.gradle.GradleProjectIdentity                        : loaded 2 times (x 68B)
Class org.gradle.internal.time.CountdownTimer                                         : loaded 2 times (x 68B)
Class org.gradle.internal.time.Clock                                                  : loaded 2 times (x 68B)
Class org.gradle.internal.classloader.ClasspathUtil                                   : loaded 2 times (x 69B)
Class org.gradle.tooling.model.BuildIdentifier                                        : loaded 2 times (x 68B)
Class org.gradle.api.internal.DefaultClassPathRegistry                                : loaded 2 times (x 74B)
Class org.gradle.api.internal.classpath.DefaultModuleRegistry$DefaultModule           : loaded 2 times (x 84B)
Class org.gradle.internal.time.TimeSource                                             : loaded 2 times (x 68B)
Class org.jetbrains.kotlin.android.synthetic.idea.AndroidExtensionsGradleModel        : loaded 2 times (x 68B)
Class org.gradle.api.internal.classpath.UnknownModuleException                        : loaded 2 times (x 80B)
Class ijInit2_4z6sdqmka4v5g9k7u6unjdqh7                                               : loaded 2 times (x 177B)
Class org.jetbrains.plugins.gradle.model.IntelliJProjectSettings                      : loaded 2 times (x 68B)
Class org.gradle.internal.service.ServiceLookupException                              : loaded 2 times (x 80B)
Class org.gradle.cache.GlobalCache                                                    : loaded 2 times (x 68B)
Class org.jetbrains.kotlin.idea.gradleTooling.model.lombok.LombokModel                : loaded 2 times (x 68B)
Class org.gradle.tooling.model.ProjectIdentifier                                      : loaded 2 times (x 68B)
Class [Lorg.gradle.api.internal.ClassPathProvider;                                    : loaded 2 times (x 67B)
Class org.gradle.internal.operations.MultipleBuildOperationFailures                   : loaded 2 times (x 93B)
Class org.gradle.util.internal.GUtil                                                  : loaded 2 times (x 69B)
Class org.jetbrains.plugins.gradle.model.AnnotationProcessingModel                    : loaded 2 times (x 68B)
Class org.gradle.internal.classloader.ClassLoaderSpec                                 : loaded 2 times (x 69B)
Class org.gradle.internal.classloader.VisitableURLClassLoader                         : loaded 2 times (x 115B)
Class org.gradle.internal.installation.GradleInstallation                             : loaded 2 times (x 73B)
Class org.gradle.api.internal.ClassPathRegistry                                       : loaded 2 times (x 68B)
Class org.gradle.internal.classloader.VisitableURLClassLoader$InstrumentingVisitableURLClassLoader: loaded 2 times (x 121B)
Class org.gradle.internal.classloader.ClassLoaderHierarchy                            : loaded 2 times (x 68B)
Class org.gradle.internal.exceptions.MultiCauseException                              : loaded 2 times (x 68B)
Class org.jetbrains.kotlin.idea.gradleTooling.model.parcelize.ParcelizeGradleModel    : loaded 2 times (x 68B)
Class org.gradle.internal.InternalTransformer                                         : loaded 2 times (x 68B)
Class org.jetbrains.kotlin.idea.gradleTooling.model.noarg.NoArgModel                  : loaded 2 times (x 68B)
Class org.jetbrains.kotlin.idea.gradleTooling.KotlinGradleModel                       : loaded 2 times (x 68B)
Class org.gradle.tooling.internal.gradle.DefaultBuildIdentifier                       : loaded 2 times (x 77B)
Class org.gradle.internal.service.ServiceLocator                                      : loaded 2 times (x 68B)
Class Settings_gradle$1                                                               : loaded 2 times (x 72B)
Class org.jetbrains.kotlin.idea.gradleTooling.model.allopen.AllOpenModel              : loaded 2 times (x 68B)
Class org.gradle.internal.classpath.DefaultClassPath$ImmutableUniqueList              : loaded 2 times (x 159B)
Class org.gradle.internal.time.DefaultTimer                                           : loaded 2 times (x 78B)
Class org.gradle.internal.classpath.TransformedClassPath                              : loaded 2 times (x 94B)
Class Settings_gradle                                                                 : loaded 2 times (x 126B)


---------------  S Y S T E M  ---------------

OS:
 Windows 10 , 64 bit Build 19041 (10.0.19041.4717)
OS uptime: 0 days 0:29 hours
Hyper-V role detected

CPU: total 4 (initial active 4) (2 cores per cpu, 2 threads per core) family 6 model 37 stepping 5 microcode 0x7, cx8, cmov, fxsr, ht, mmx, sse, sse2, sse3, ssse3, sse4.1, sse4.2, popcnt, tsc, tscinvbit, aes, clmul, clflush, hv
Processor Information for all 4 processors :
  Max Mhz: 2534, Current Mhz: 2534, Mhz Limit: 2534

Memory: 4k page, system-wide physical 2979M (183M free)
TotalPageFile size 8099M (AvailPageFile size 18M)
current process WorkingSet (physical memory assigned to process): 212M, peak: 212M
current process commit charge ("private bytes"): 312M, peak: 337M

vm_info: OpenJDK 64-Bit Server VM (17.0.11+0--11852314) for windows-amd64 JRE (17.0.11+0--11852314), built on May 16 2024 21:29:20 by "androidbuild" with MS VC++ 16.10 / 16.11 (VS2019)

END.
