#
# There is insufficient memory for the Java Runtime Environment to continue.
# Native memory allocation (malloc) failed to allocate 1101616 bytes. Error detail: Chunk::new
# Possible reasons:
#   The system is out of physical RAM or swap space
#   This process is running with CompressedOops enabled, and the Java Heap may be blocking the growth of the native heap
# Possible solutions:
#   Reduce memory load on the system
#   Increase physical memory or swap space
#   Check if swap backing store is full
#   Decrease Java heap size (-Xmx/-Xms)
#   Decrease number of Java threads
#   Decrease Java thread stack sizes (-Xss)
#   Set larger code cache with -XX:ReservedCodeCacheSize=
#   JVM is running with Unscaled Compressed Oops mode in which the Java heap is
#     placed in the first 4GB address space. The Java Heap base address is the
#     maximum limit for the native heap growth. Please use -XX:HeapBaseMinAddress
#     to set the Java Heap base and to place the Java Heap above 4GB virtual address.
# This output file may be truncated or incomplete.
#
#  Out of Memory Error (arena.cpp:191), pid=7900, tid=1920
#
# JRE version: OpenJDK Runtime Environment (17.0.11) (build 17.0.11+0--11852314)
# Java VM: OpenJDK 64-Bit Server VM (17.0.11+0--11852314, mixed mode, tiered, compressed oops, compressed class ptrs, g1 gc, windows-amd64)
# No core dump will be written. Minidumps are not enabled by default on client versions of Windows
#

---------------  S U M M A R Y ------------

Command Line: --add-opens=java.base/java.util=ALL-UNNAMED --add-opens=java.base/java.lang=ALL-UNNAMED --add-opens=java.base/java.lang.invoke=ALL-UNNAMED --add-opens=java.prefs/java.util.prefs=ALL-UNNAMED --add-opens=java.base/java.nio.charset=ALL-UNNAMED --add-opens=java.base/java.net=ALL-UNNAMED --add-opens=java.base/java.util.concurrent.atomic=ALL-UNNAMED -Xmx2048m -Dfile.encoding=UTF-8 -Duser.country=US -Duser.language=en -Duser.variant -javaagent:C:\Users\ABHISHEK\.gradle\wrapper\dists\gradle-8.7-bin\bhs2wmbdwecv87pi65oeuq5iu\gradle-8.7\lib\agents\gradle-instrumentation-agent-8.7.jar org.gradle.launcher.daemon.bootstrap.GradleDaemon 8.7

Host: Intel(R) Core(TM) i5 CPU       M 540  @ 2.53GHz, 4 cores, 2G,  Windows 10 , 64 bit Build 19041 (10.0.19041.4717)
Time: Tue Sep  3 15:37:45 2024 India Standard Time elapsed time: 20.254952 seconds (0d 0h 0m 20s)

---------------  T H R E A D  ---------------

Current thread (0x000001b3772f0cc0):  JavaThread "C2 CompilerThread0" daemon [_thread_in_native, id=1920, stack(0x000000a350700000,0x000000a350800000)]


Current CompileTask:
C2:  20256 3925       4       java.util.regex.Pattern::compile (500 bytes)

Stack: [0x000000a350700000,0x000000a350800000]
Native frames: (J=compiled Java code, j=interpreted, Vv=VM code, C=native code)
V  [jvm.dll+0x687bb9]
V  [jvm.dll+0x84142a]
V  [jvm.dll+0x8430ae]
V  [jvm.dll+0x843713]
V  [jvm.dll+0x24a35f]
V  [jvm.dll+0xac544]
V  [jvm.dll+0xacb8c]
V  [jvm.dll+0x369be2]
V  [jvm.dll+0x33416a]
V  [jvm.dll+0x33360a]
V  [jvm.dll+0x21bed1]
V  [jvm.dll+0x21b311]
V  [jvm.dll+0x1a63ed]
V  [jvm.dll+0x22b1ee]
V  [jvm.dll+0x229375]
V  [jvm.dll+0x7f5647]
V  [jvm.dll+0x7efa4a]
V  [jvm.dll+0x686a35]
C  [ucrtbase.dll+0x21bb2]
C  [KERNEL32.DLL+0x17374]
C  [ntdll.dll+0x4cc91]


---------------  P R O C E S S  ---------------

Threads class SMR info:
_java_thread_list=0x000001b37cb040e0, length=37, elements={
0x000001b35bb5dd50, 0x000001b377042660, 0x000001b377043e10, 0x000001b377062b50,
0x000001b377064530, 0x000001b3772ea470, 0x000001b3772ead40, 0x000001b3772f0cc0,
0x000001b3772f1d70, 0x000001b3772f7620, 0x000001b3773aafb0, 0x000001b3774f2ef0,
0x000001b37d05c450, 0x000001b37ce27a70, 0x000001b37ccbb090, 0x000001b3774320b0,
0x000001b37d8468a0, 0x000001b37cd4ab60, 0x000001b37cd4b450, 0x000001b3778a37c0,
0x000001b3778a32b0, 0x000001b3778a6040, 0x000001b3778a4c00, 0x000001b3778a3cd0,
0x000001b3778a41e0, 0x000001b3778a5110, 0x000001b3778a5620, 0x000001b3778a5b30,
0x000001b3778a6550, 0x000001b37e8142a0, 0x000001b37e8147b0, 0x000001b37e814cc0,
0x000001b37e816610, 0x000001b37e813880, 0x000001b37e8151d0, 0x000001b37e815bf0,
0x000001b37e816100
}

Java Threads: ( => current thread )
  0x000001b35bb5dd50 JavaThread "main" [_thread_blocked, id=2088, stack(0x000000a34fa00000,0x000000a34fb00000)]
  0x000001b377042660 JavaThread "Reference Handler" daemon [_thread_blocked, id=4292, stack(0x000000a350100000,0x000000a350200000)]
  0x000001b377043e10 JavaThread "Finalizer" daemon [_thread_blocked, id=6168, stack(0x000000a350200000,0x000000a350300000)]
  0x000001b377062b50 JavaThread "Signal Dispatcher" daemon [_thread_blocked, id=7840, stack(0x000000a350300000,0x000000a350400000)]
  0x000001b377064530 JavaThread "Attach Listener" daemon [_thread_blocked, id=1220, stack(0x000000a350400000,0x000000a350500000)]
  0x000001b3772ea470 JavaThread "Service Thread" daemon [_thread_blocked, id=3848, stack(0x000000a350500000,0x000000a350600000)]
  0x000001b3772ead40 JavaThread "Monitor Deflation Thread" daemon [_thread_blocked, id=5608, stack(0x000000a350600000,0x000000a350700000)]
=>0x000001b3772f0cc0 JavaThread "C2 CompilerThread0" daemon [_thread_in_native, id=1920, stack(0x000000a350700000,0x000000a350800000)]
  0x000001b3772f1d70 JavaThread "C1 CompilerThread0" daemon [_thread_blocked, id=7452, stack(0x000000a350800000,0x000000a350900000)]
  0x000001b3772f7620 JavaThread "Sweeper thread" daemon [_thread_blocked, id=8188, stack(0x000000a350900000,0x000000a350a00000)]
  0x000001b3773aafb0 JavaThread "Common-Cleaner" daemon [_thread_blocked, id=7976, stack(0x000000a350a00000,0x000000a350b00000)]
  0x000001b3774f2ef0 JavaThread "Notification Thread" daemon [_thread_blocked, id=244, stack(0x000000a350b00000,0x000000a350c00000)]
  0x000001b37d05c450 JavaThread "Daemon health stats" [_thread_blocked, id=5732, stack(0x000000a351000000,0x000000a351100000)]
  0x000001b37ce27a70 JavaThread "Incoming local TCP Connector on port 49971" [_thread_in_native, id=6028, stack(0x000000a351100000,0x000000a351200000)]
  0x000001b37ccbb090 JavaThread "Daemon periodic checks" [_thread_blocked, id=2092, stack(0x000000a351200000,0x000000a351300000)]
  0x000001b3774320b0 JavaThread "Daemon" [_thread_blocked, id=7248, stack(0x000000a351300000,0x000000a351400000)]
  0x000001b37d8468a0 JavaThread "Handler for socket connection from /127.0.0.1:49971 to /127.0.0.1:49972" [_thread_in_native, id=3608, stack(0x000000a351400000,0x000000a351500000)]
  0x000001b37cd4ab60 JavaThread "Cancel handler" [_thread_blocked, id=8044, stack(0x000000a351500000,0x000000a351600000)]
  0x000001b37cd4b450 JavaThread "Daemon worker" [_thread_in_vm, id=1756, stack(0x000000a351600000,0x000000a351700000)]
  0x000001b3778a37c0 JavaThread "Asynchronous log dispatcher for DefaultDaemonConnection: socket connection from /127.0.0.1:49971 to /127.0.0.1:49972" [_thread_blocked, id=6744, stack(0x000000a351700000,0x000000a351800000)]
  0x000001b3778a32b0 JavaThread "Stdin handler" [_thread_blocked, id=7488, stack(0x000000a351800000,0x000000a351900000)]
  0x000001b3778a6040 JavaThread "Daemon client event forwarder" [_thread_blocked, id=6048, stack(0x000000a351900000,0x000000a351a00000)]
  0x000001b3778a4c00 JavaThread "Cache worker for journal cache (C:\Users\ABHISHEK\.gradle\caches\journal-1)" [_thread_blocked, id=232, stack(0x000000a351a00000,0x000000a351b00000)]
  0x000001b3778a3cd0 JavaThread "File lock request listener" [_thread_in_native, id=4600, stack(0x000000a351b00000,0x000000a351c00000)]
  0x000001b3778a41e0 JavaThread "Cache worker for file hash cache (C:\Users\ABHISHEK\.gradle\caches\8.7\fileHashes)" [_thread_blocked, id=7576, stack(0x000000a351c00000,0x000000a351d00000)]
  0x000001b3778a5110 JavaThread "File lock release action executor" [_thread_blocked, id=5860, stack(0x000000a351d00000,0x000000a351e00000)]
  0x000001b3778a5620 JavaThread "Cache worker for file hash cache (C:\Users\ABHISHEK\StudioProjects\Hisaab-Kitaab\.gradle\8.7\fileHashes)" [_thread_blocked, id=5300, stack(0x000000a351e00000,0x000000a351f00000)]
  0x000001b3778a5b30 JavaThread "File watcher server" daemon [_thread_in_native, id=6888, stack(0x000000a351f00000,0x000000a352000000)]
  0x000001b3778a6550 JavaThread "File watcher consumer" daemon [_thread_blocked, id=6212, stack(0x000000a352000000,0x000000a352100000)]
  0x000001b37e8142a0 JavaThread "jar transforms" [_thread_blocked, id=1076, stack(0x000000a352100000,0x000000a352200000)]
  0x000001b37e8147b0 JavaThread "jar transforms Thread 2" [_thread_blocked, id=7628, stack(0x000000a352200000,0x000000a352300000)]
  0x000001b37e814cc0 JavaThread "jar transforms Thread 3" [_thread_blocked, id=6100, stack(0x000000a352300000,0x000000a352400000)]
  0x000001b37e816610 JavaThread "jar transforms Thread 4" [_thread_blocked, id=1924, stack(0x000000a352400000,0x000000a352500000)]
  0x000001b37e813880 JavaThread "Cache worker for checksums cache (C:\Users\ABHISHEK\StudioProjects\Hisaab-Kitaab\.gradle\8.7\checksums)" [_thread_blocked, id=5564, stack(0x000000a352500000,0x000000a352600000)]
  0x000001b37e8151d0 JavaThread "Cache worker for cache directory md-supplier (C:\Users\ABHISHEK\.gradle\caches\8.7\md-supplier)" [_thread_blocked, id=6560, stack(0x000000a352600000,0x000000a352700000)]
  0x000001b37e815bf0 JavaThread "Cache worker for cache directory md-rule (C:\Users\ABHISHEK\.gradle\caches\8.7\md-rule)" [_thread_blocked, id=5884, stack(0x000000a352700000,0x000000a352800000)]
  0x000001b37e816100 JavaThread "Cache worker for file content cache (C:\Users\ABHISHEK\.gradle\caches\8.7\fileContent)" [_thread_blocked, id=6108, stack(0x000000a352800000,0x000000a352900000)]

Other Threads:
  0x000001b37703eb10 VMThread "VM Thread" [stack: 0x000000a350000000,0x000000a350100000] [id=5088]
  0x000001b35bb5ec20 WatcherThread [stack: 0x000000a350c00000,0x000000a350d00000] [id=7572]
  0x000001b35bbb8300 GCTaskThread "GC Thread#0" [stack: 0x000000a34fb00000,0x000000a34fc00000] [id=3308]
  0x000001b3777bd410 GCTaskThread "GC Thread#1" [stack: 0x000000a350d00000,0x000000a350e00000] [id=5508]
  0x000001b377890a80 GCTaskThread "GC Thread#2" [stack: 0x000000a350e00000,0x000000a350f00000] [id=3276]
  0x000001b377e7bca0 GCTaskThread "GC Thread#3" [stack: 0x000000a350f00000,0x000000a351000000] [id=1836]
  0x000001b35bbc9900 ConcurrentGCThread "G1 Main Marker" [stack: 0x000000a34fc00000,0x000000a34fd00000] [id=7580]
  0x000001b35bbca230 ConcurrentGCThread "G1 Conc#0" [stack: 0x000000a34fd00000,0x000000a34fe00000] [id=6112]
  0x000001b35bc05ce0 ConcurrentGCThread "G1 Refine#0" [stack: 0x000000a34fe00000,0x000000a34ff00000] [id=7608]
  0x000001b35bc07630 ConcurrentGCThread "G1 Service" [stack: 0x000000a34ff00000,0x000000a350000000] [id=700]

Threads with active compile tasks:
C2 CompilerThread0    20421 3925       4       java.util.regex.Pattern::compile (500 bytes)

VM state: not at safepoint (normal execution)

VM Mutex/Monitor currently owned by a thread: None

Heap address: 0x0000000080000000, size: 2048 MB, Compressed Oops mode: 32-bit

CDS archive(s) not mapped
Compressed class space mapped at: 0x0000000100000000-0x0000000140000000, reserved size: 1073741824
Narrow klass base: 0x0000000000000000, Narrow klass shift: 3, Narrow klass range: 0x140000000

GC Precious Log:
 CPUs: 4 total, 4 available
 Memory: 2979M
 Large Page Support: Disabled
 NUMA Support: Disabled
 Compressed Oops: Enabled (32-bit)
 Heap Region Size: 1M
 Heap Min Capacity: 8M
 Heap Initial Capacity: 48M
 Heap Max Capacity: 2G
 Pre-touch: Disabled
 Parallel Workers: 4
 Concurrent Workers: 1
 Concurrent Refinement Workers: 4
 Periodic GC: Disabled

Heap:
 garbage-first heap   total 83968K, used 52051K [0x0000000080000000, 0x0000000100000000)
  region size 1024K, 8 young (8192K), 2 survivors (2048K)
 Metaspace       used 45035K, committed 45440K, reserved 1114112K
  class space    used 6072K, committed 6272K, reserved 1048576K

Heap Regions: E=young(eden), S=young(survivor), O=old, HS=humongous(starts), HC=humongous(continues), CS=collection set, F=free, OA=open archive, CA=closed archive, TAMS=top-at-mark-start (previous, next)
|   0|0x0000000080000000, 0x0000000080100000, 0x0000000080100000|100%| O|  |TAMS 0x0000000080100000, 0x0000000080000000| Untracked 
|   1|0x0000000080100000, 0x0000000080200000, 0x0000000080200000|100%| O|  |TAMS 0x0000000080200000, 0x0000000080100000| Untracked 
|   2|0x0000000080200000, 0x0000000080300000, 0x0000000080300000|100%|HS|  |TAMS 0x0000000080300000, 0x0000000080200000| Complete 
|   3|0x0000000080300000, 0x0000000080400000, 0x0000000080400000|100%|HC|  |TAMS 0x0000000080400000, 0x0000000080300000| Complete 
|   4|0x0000000080400000, 0x0000000080500000, 0x0000000080500000|100%|HC|  |TAMS 0x0000000080500000, 0x0000000080400000| Complete 
|   5|0x0000000080500000, 0x0000000080600000, 0x0000000080600000|100%|HC|  |TAMS 0x0000000080600000, 0x0000000080500000| Complete 
|   6|0x0000000080600000, 0x0000000080700000, 0x0000000080700000|100%| O|  |TAMS 0x0000000080700000, 0x0000000080600000| Untracked 
|   7|0x0000000080700000, 0x0000000080800000, 0x0000000080800000|100%| O|  |TAMS 0x0000000080800000, 0x0000000080700000| Untracked 
|   8|0x0000000080800000, 0x0000000080900000, 0x0000000080900000|100%| O|  |TAMS 0x0000000080900000, 0x0000000080800000| Untracked 
|   9|0x0000000080900000, 0x0000000080a00000, 0x0000000080a00000|100%| O|  |TAMS 0x0000000080a00000, 0x0000000080900000| Untracked 
|  10|0x0000000080a00000, 0x0000000080b00000, 0x0000000080b00000|100%| O|  |TAMS 0x0000000080b00000, 0x0000000080a00000| Untracked 
|  11|0x0000000080b00000, 0x0000000080c00000, 0x0000000080c00000|100%| O|  |TAMS 0x0000000080c00000, 0x0000000080b00000| Untracked 
|  12|0x0000000080c00000, 0x0000000080d00000, 0x0000000080d00000|100%| O|  |TAMS 0x0000000080d00000, 0x0000000080c00000| Untracked 
|  13|0x0000000080d00000, 0x0000000080e00000, 0x0000000080e00000|100%| O|  |TAMS 0x0000000080e00000, 0x0000000080d00000| Untracked 
|  14|0x0000000080e00000, 0x0000000080f00000, 0x0000000080f00000|100%| O|  |TAMS 0x0000000080f00000, 0x0000000080e00000| Untracked 
|  15|0x0000000080f00000, 0x0000000081000000, 0x0000000081000000|100%| O|  |TAMS 0x0000000081000000, 0x0000000080f00000| Untracked 
|  16|0x0000000081000000, 0x0000000081100000, 0x0000000081100000|100%| O|  |TAMS 0x0000000081100000, 0x0000000081000000| Untracked 
|  17|0x0000000081100000, 0x0000000081200000, 0x0000000081200000|100%| O|  |TAMS 0x0000000081200000, 0x0000000081100000| Untracked 
|  18|0x0000000081200000, 0x0000000081300000, 0x0000000081300000|100%| O|  |TAMS 0x0000000081300000, 0x0000000081200000| Untracked 
|  19|0x0000000081300000, 0x0000000081400000, 0x0000000081400000|100%| O|  |TAMS 0x0000000081400000, 0x0000000081300000| Untracked 
|  20|0x0000000081400000, 0x0000000081500000, 0x0000000081500000|100%| O|  |TAMS 0x0000000081500000, 0x0000000081400000| Untracked 
|  21|0x0000000081500000, 0x0000000081600000, 0x0000000081600000|100%| O|  |TAMS 0x0000000081600000, 0x0000000081500000| Untracked 
|  22|0x0000000081600000, 0x0000000081700000, 0x0000000081700000|100%|HS|  |TAMS 0x0000000081700000, 0x0000000081600000| Complete 
|  23|0x0000000081700000, 0x0000000081800000, 0x0000000081800000|100%|HC|  |TAMS 0x0000000081800000, 0x0000000081700000| Complete 
|  24|0x0000000081800000, 0x0000000081900000, 0x0000000081900000|100%|HC|  |TAMS 0x0000000081900000, 0x0000000081800000| Complete 
|  25|0x0000000081900000, 0x0000000081a00000, 0x0000000081a00000|100%|HC|  |TAMS 0x0000000081a00000, 0x0000000081900000| Complete 
|  26|0x0000000081a00000, 0x0000000081b00000, 0x0000000081b00000|100%|HC|  |TAMS 0x0000000081b00000, 0x0000000081a00000| Complete 
|  27|0x0000000081b00000, 0x0000000081c00000, 0x0000000081c00000|100%| O|  |TAMS 0x0000000081c00000, 0x0000000081b00000| Untracked 
|  28|0x0000000081c00000, 0x0000000081d00000, 0x0000000081d00000|100%|HS|  |TAMS 0x0000000081d00000, 0x0000000081c00000| Complete 
|  29|0x0000000081d00000, 0x0000000081e00000, 0x0000000081e00000|100%|HC|  |TAMS 0x0000000081e00000, 0x0000000081d00000| Complete 
|  30|0x0000000081e00000, 0x0000000081f00000, 0x0000000081f00000|100%|HC|  |TAMS 0x0000000081f00000, 0x0000000081e00000| Complete 
|  31|0x0000000081f00000, 0x0000000082000000, 0x0000000082000000|100%| O|  |TAMS 0x0000000082000000, 0x0000000081f00000| Untracked 
|  32|0x0000000082000000, 0x0000000082100000, 0x0000000082100000|100%| O|  |TAMS 0x0000000082100000, 0x0000000082000000| Untracked 
|  33|0x0000000082100000, 0x0000000082200000, 0x0000000082200000|100%|HS|  |TAMS 0x0000000082200000, 0x0000000082100000| Complete 
|  34|0x0000000082200000, 0x0000000082300000, 0x0000000082300000|100%|HC|  |TAMS 0x0000000082300000, 0x0000000082200000| Complete 
|  35|0x0000000082300000, 0x0000000082400000, 0x0000000082400000|100%|HC|  |TAMS 0x0000000082400000, 0x0000000082300000| Complete 
|  36|0x0000000082400000, 0x0000000082500000, 0x0000000082500000|100%| O|  |TAMS 0x0000000082500000, 0x0000000082400000| Untracked 
|  37|0x0000000082500000, 0x0000000082600000, 0x0000000082600000|100%| O|  |TAMS 0x0000000082600000, 0x0000000082500000| Untracked 
|  38|0x0000000082600000, 0x0000000082700000, 0x0000000082700000|100%|HS|  |TAMS 0x0000000082700000, 0x0000000082600000| Complete 
|  39|0x0000000082700000, 0x0000000082800000, 0x0000000082800000|100%| O|  |TAMS 0x0000000082800000, 0x0000000082700000| Untracked 
|  40|0x0000000082800000, 0x0000000082900000, 0x0000000082900000|100%| O|  |TAMS 0x000000008285fe00, 0x0000000082800000| Untracked 
|  41|0x0000000082900000, 0x0000000082a00000, 0x0000000082a00000|100%| O|  |TAMS 0x0000000082900000, 0x0000000082900000| Untracked 
|  42|0x0000000082a00000, 0x0000000082b00000, 0x0000000082b00000|100%| O|  |TAMS 0x0000000082a00000, 0x0000000082a00000| Untracked 
|  43|0x0000000082b00000, 0x0000000082c00000, 0x0000000082c00000|100%| O|  |TAMS 0x0000000082b00000, 0x0000000082b00000| Untracked 
|  44|0x0000000082c00000, 0x0000000082ca4600, 0x0000000082d00000| 64%| O|  |TAMS 0x0000000082c00000, 0x0000000082c00000| Untracked 
|  45|0x0000000082d00000, 0x0000000082d00000, 0x0000000082e00000|  0%| F|  |TAMS 0x0000000082d00000, 0x0000000082d00000| Untracked 
|  46|0x0000000082e00000, 0x0000000082e00000, 0x0000000082f00000|  0%| F|  |TAMS 0x0000000082e00000, 0x0000000082e00000| Untracked 
|  47|0x0000000082f00000, 0x0000000082f00000, 0x0000000083000000|  0%| F|  |TAMS 0x0000000082f00000, 0x0000000082f00000| Untracked 
|  48|0x0000000083000000, 0x0000000083000000, 0x0000000083100000|  0%| F|  |TAMS 0x0000000083000000, 0x0000000083000000| Untracked 
|  49|0x0000000083100000, 0x0000000083100000, 0x0000000083200000|  0%| F|  |TAMS 0x0000000083100000, 0x0000000083100000| Untracked 
|  50|0x0000000083200000, 0x0000000083200000, 0x0000000083300000|  0%| F|  |TAMS 0x0000000083200000, 0x0000000083200000| Untracked 
|  51|0x0000000083300000, 0x0000000083300000, 0x0000000083400000|  0%| F|  |TAMS 0x0000000083300000, 0x0000000083300000| Untracked 
|  52|0x0000000083400000, 0x0000000083400000, 0x0000000083500000|  0%| F|  |TAMS 0x0000000083400000, 0x0000000083400000| Untracked 
|  53|0x0000000083500000, 0x0000000083500000, 0x0000000083600000|  0%| F|  |TAMS 0x0000000083500000, 0x0000000083500000| Untracked 
|  54|0x0000000083600000, 0x0000000083600000, 0x0000000083700000|  0%| F|  |TAMS 0x0000000083600000, 0x0000000083600000| Untracked 
|  55|0x0000000083700000, 0x0000000083700000, 0x0000000083800000|  0%| F|  |TAMS 0x0000000083700000, 0x0000000083700000| Untracked 
|  56|0x0000000083800000, 0x0000000083800000, 0x0000000083900000|  0%| F|  |TAMS 0x0000000083800000, 0x0000000083800000| Untracked 
|  57|0x0000000083900000, 0x0000000083900000, 0x0000000083a00000|  0%| F|  |TAMS 0x0000000083900000, 0x0000000083900000| Untracked 
|  58|0x0000000083a00000, 0x0000000083a00000, 0x0000000083b00000|  0%| F|  |TAMS 0x0000000083a00000, 0x0000000083a00000| Untracked 
|  59|0x0000000083b00000, 0x0000000083b00000, 0x0000000083c00000|  0%| F|  |TAMS 0x0000000083b00000, 0x0000000083b00000| Untracked 
|  60|0x0000000083c00000, 0x0000000083c00000, 0x0000000083d00000|  0%| F|  |TAMS 0x0000000083c00000, 0x0000000083c00000| Untracked 
|  61|0x0000000083d00000, 0x0000000083d00000, 0x0000000083e00000|  0%| F|  |TAMS 0x0000000083d00000, 0x0000000083d00000| Untracked 
|  62|0x0000000083e00000, 0x0000000083e00000, 0x0000000083f00000|  0%| F|  |TAMS 0x0000000083e00000, 0x0000000083e00000| Untracked 
|  63|0x0000000083f00000, 0x0000000083f00000, 0x0000000084000000|  0%| F|  |TAMS 0x0000000083f00000, 0x0000000083f00000| Untracked 
|  64|0x0000000084000000, 0x0000000084000000, 0x0000000084100000|  0%| F|  |TAMS 0x0000000084000000, 0x0000000084000000| Untracked 
|  65|0x0000000084100000, 0x0000000084100000, 0x0000000084200000|  0%| F|  |TAMS 0x0000000084100000, 0x0000000084100000| Untracked 
|  66|0x0000000084200000, 0x0000000084200000, 0x0000000084300000|  0%| F|  |TAMS 0x0000000084200000, 0x0000000084200000| Untracked 
|  67|0x0000000084300000, 0x0000000084330648, 0x0000000084400000| 18%| S|CS|TAMS 0x0000000084300000, 0x0000000084300000| Complete 
|  68|0x0000000084400000, 0x0000000084500000, 0x0000000084500000|100%| S|CS|TAMS 0x0000000084400000, 0x0000000084400000| Complete 
|  69|0x0000000084500000, 0x0000000084500000, 0x0000000084600000|  0%| F|  |TAMS 0x0000000084500000, 0x0000000084500000| Untracked 
|  70|0x0000000084600000, 0x0000000084600000, 0x0000000084700000|  0%| F|  |TAMS 0x0000000084600000, 0x0000000084600000| Untracked 
|  71|0x0000000084700000, 0x0000000084700000, 0x0000000084800000|  0%| F|  |TAMS 0x0000000084700000, 0x0000000084700000| Untracked 
|  72|0x0000000084800000, 0x0000000084800000, 0x0000000084900000|  0%| F|  |TAMS 0x0000000084800000, 0x0000000084800000| Untracked 
|  73|0x0000000084900000, 0x0000000084900000, 0x0000000084a00000|  0%| F|  |TAMS 0x0000000084900000, 0x0000000084900000| Untracked 
|  74|0x0000000084a00000, 0x0000000084a00000, 0x0000000084b00000|  0%| F|  |TAMS 0x0000000084a00000, 0x0000000084a00000| Untracked 
|  75|0x0000000084b00000, 0x0000000084b00000, 0x0000000084c00000|  0%| F|  |TAMS 0x0000000084b00000, 0x0000000084b00000| Untracked 
|  76|0x0000000084c00000, 0x0000000084d00000, 0x0000000084d00000|100%| E|  |TAMS 0x0000000084c00000, 0x0000000084c00000| Complete 
|  77|0x0000000084d00000, 0x0000000084e00000, 0x0000000084e00000|100%| E|CS|TAMS 0x0000000084d00000, 0x0000000084d00000| Complete 
|  78|0x0000000084e00000, 0x0000000084f00000, 0x0000000084f00000|100%| E|CS|TAMS 0x0000000084e00000, 0x0000000084e00000| Complete 
|  79|0x0000000084f00000, 0x0000000085000000, 0x0000000085000000|100%| E|CS|TAMS 0x0000000084f00000, 0x0000000084f00000| Complete 
|  80|0x0000000085000000, 0x0000000085100000, 0x0000000085100000|100%| E|CS|TAMS 0x0000000085000000, 0x0000000085000000| Complete 
|  81|0x0000000085100000, 0x0000000085200000, 0x0000000085200000|100%| E|CS|TAMS 0x0000000085100000, 0x0000000085100000| Complete 

Card table byte_map: [0x000001b370280000,0x000001b370680000] _byte_map_base: 0x000001b36fe80000

Marking Bits (Prev, Next): (CMBitMap*) 0x000001b35bbb8830, (CMBitMap*) 0x000001b35bbb8870
 Prev Bits: [0x000001b370a80000, 0x000001b372a80000)
 Next Bits: [0x000001b372a80000, 0x000001b374a80000)

Polling page: 0x000001b35b9a0000

Metaspace:

Usage:
  Non-class:     38.06 MB used.
      Class:      5.93 MB used.
       Both:     43.99 MB used.

Virtual space:
  Non-class space:       64.00 MB reserved,      38.25 MB ( 60%) committed,  1 nodes.
      Class space:        1.00 GB reserved,       6.12 MB ( <1%) committed,  1 nodes.
             Both:        1.06 GB reserved,      44.38 MB (  4%) committed. 

Chunk freelists:
   Non-Class:  9.52 MB
       Class:  9.82 MB
        Both:  19.33 MB

MaxMetaspaceSize: unlimited
CompressedClassSpaceSize: 1.00 GB
Initial GC threshold: 21.00 MB
Current GC threshold: 73.38 MB
CDS: off
MetaspaceReclaimPolicy: balanced
 - commit_granule_bytes: 65536.
 - commit_granule_words: 8192.
 - virtual_space_node_default_size: 8388608.
 - enlarge_chunks_in_place: 1.
 - new_chunks_are_fully_committed: 0.
 - uncommit_free_chunks: 1.
 - use_allocation_guard: 0.
 - handle_deallocations: 1.


Internal statistics:

num_allocs_failed_limit: 3.
num_arena_births: 426.
num_arena_deaths: 0.
num_vsnodes_births: 2.
num_vsnodes_deaths: 0.
num_space_committed: 710.
num_space_uncommitted: 0.
num_chunks_returned_to_freelist: 3.
num_chunks_taken_from_freelist: 1795.
num_chunk_merges: 3.
num_chunk_splits: 1144.
num_chunks_enlarged: 772.
num_inconsistent_stats: 0.

CodeHeap 'non-profiled nmethods': size=120000Kb used=2239Kb max_used=2239Kb free=117761Kb
 bounds [0x000001b368330000, 0x000001b3685a0000, 0x000001b36f860000]
CodeHeap 'profiled nmethods': size=120000Kb used=8340Kb max_used=8340Kb free=111659Kb
 bounds [0x000001b360860000, 0x000001b361090000, 0x000001b367d90000]
CodeHeap 'non-nmethods': size=5760Kb used=1587Kb max_used=1607Kb free=4172Kb
 bounds [0x000001b367d90000, 0x000001b368000000, 0x000001b368330000]
 total_blobs=4684 nmethods=4026 adapters=570
 compilation: enabled
              stopped_count=0, restarted_count=0
 full_count=0

Compilation events (20 events):
Event: 20.221 Thread 0x000001b3772f1d70 3997       3       java.util.Hashtable$Entry::<init> (26 bytes)
Event: 20.221 Thread 0x000001b3772f1d70 nmethod 3997 0x000001b361063690 code [0x000001b361063840, 0x000001b361063ab8]
Event: 20.221 Thread 0x000001b3772f1d70 3996       3       java.lang.reflect.Method::getGenericExceptionTypes (5 bytes)
Event: 20.224 Thread 0x000001b3772f1d70 nmethod 3996 0x000001b361063b90 code [0x000001b361063e40, 0x000001b361064f18]
Event: 20.224 Thread 0x000001b3772f1d70 3999  s!   3       java.beans.PropertyDescriptor::getReadMethod (149 bytes)
Event: 20.226 Thread 0x000001b3772f1d70 nmethod 3999 0x000001b361065490 code [0x000001b361065800, 0x000001b361067238]
Event: 20.226 Thread 0x000001b3772f1d70 4000       3       com.sun.beans.TypeResolver::resolve (37 bytes)
Event: 20.227 Thread 0x000001b3772f1d70 nmethod 4000 0x000001b361067990 code [0x000001b361067b60, 0x000001b361067f88]
Event: 20.227 Thread 0x000001b3772f1d70 4001       3       java.util.TreeMap::fixAfterInsertion (267 bytes)
Event: 20.230 Thread 0x000001b3772f1d70 nmethod 4001 0x000001b361068110 code [0x000001b3610685c0, 0x000001b36106ac98]
Event: 20.230 Thread 0x000001b3772f1d70 4004       3       org.codehaus.groovy.util.SingleKeyHashMap::get (67 bytes)
Event: 20.231 Thread 0x000001b3772f1d70 nmethod 4004 0x000001b36106b910 code [0x000001b36106bb00, 0x000001b36106c198]
Event: 20.231 Thread 0x000001b3772f1d70 4003       3       org.codehaus.groovy.util.SingleKeyHashMap::put (10 bytes)
Event: 20.231 Thread 0x000001b3772f1d70 nmethod 4003 0x000001b36106c410 code [0x000001b36106c5c0, 0x000001b36106c7e8]
Event: 20.232 Thread 0x000001b3772f1d70 4005       3       groovy.lang.MetaProperty::<init> (15 bytes)
Event: 20.232 Thread 0x000001b3772f1d70 nmethod 4005 0x000001b36106c910 code [0x000001b36106cac0, 0x000001b36106ccd8]
Event: 20.232 Thread 0x000001b3772f1d70 4002       3       groovy.lang.MetaMethod::isStatic (16 bytes)
Event: 20.232 Thread 0x000001b3772f1d70 nmethod 4002 0x000001b36106cd90 code [0x000001b36106cf40, 0x000001b36106d168]
Event: 20.232 Thread 0x000001b3772f1d70 3998       1       java.util.TreeMap$Entry::getKey (5 bytes)
Event: 20.232 Thread 0x000001b3772f1d70 nmethod 3998 0x000001b36855e710 code [0x000001b36855e8a0, 0x000001b36855e978]

GC Heap History (20 events):
Event: 14.990 GC heap before
{Heap before GC invocations=14 (full 0):
 garbage-first heap   total 51200K, used 29543K [0x0000000080000000, 0x0000000100000000)
  region size 1024K, 3 young (3072K), 2 survivors (2048K)
 Metaspace       used 31831K, committed 32128K, reserved 1114112K
  class space    used 4294K, committed 4416K, reserved 1048576K
}
Event: 14.995 GC heap after
{Heap after GC invocations=15 (full 0):
 garbage-first heap   total 51200K, used 30284K [0x0000000080000000, 0x0000000100000000)
  region size 1024K, 2 young (2048K), 2 survivors (2048K)
 Metaspace       used 31831K, committed 32128K, reserved 1114112K
  class space    used 4294K, committed 4416K, reserved 1048576K
}
Event: 15.222 GC heap before
{Heap before GC invocations=16 (full 0):
 garbage-first heap   total 58368K, used 35404K [0x0000000080000000, 0x0000000100000000)
  region size 1024K, 6 young (6144K), 2 survivors (2048K)
 Metaspace       used 32039K, committed 32384K, reserved 1114112K
  class space    used 4331K, committed 4480K, reserved 1048576K
}
Event: 15.226 GC heap after
{Heap after GC invocations=17 (full 0):
 garbage-first heap   total 58368K, used 35282K [0x0000000080000000, 0x0000000100000000)
  region size 1024K, 2 young (2048K), 2 survivors (2048K)
 Metaspace       used 32039K, committed 32384K, reserved 1114112K
  class space    used 4331K, committed 4480K, reserved 1048576K
}
Event: 15.359 GC heap before
{Heap before GC invocations=18 (full 0):
 garbage-first heap   total 66560K, used 39378K [0x0000000080000000, 0x0000000100000000)
  region size 1024K, 4 young (4096K), 2 survivors (2048K)
 Metaspace       used 32165K, committed 32448K, reserved 1114112K
  class space    used 4345K, committed 4480K, reserved 1048576K
}
Event: 15.364 GC heap after
{Heap after GC invocations=19 (full 0):
 garbage-first heap   total 66560K, used 39111K [0x0000000080000000, 0x0000000100000000)
  region size 1024K, 1 young (1024K), 1 survivors (1024K)
 Metaspace       used 32165K, committed 32448K, reserved 1114112K
  class space    used 4345K, committed 4480K, reserved 1048576K
}
Event: 16.107 GC heap before
{Heap before GC invocations=20 (full 0):
 garbage-first heap   total 70656K, used 48327K [0x0000000080000000, 0x0000000100000000)
  region size 1024K, 10 young (10240K), 1 survivors (1024K)
 Metaspace       used 33536K, committed 33920K, reserved 1114112K
  class space    used 4541K, committed 4736K, reserved 1048576K
}
Event: 16.110 GC heap after
{Heap after GC invocations=21 (full 0):
 garbage-first heap   total 70656K, used 40792K [0x0000000080000000, 0x0000000100000000)
  region size 1024K, 2 young (2048K), 2 survivors (2048K)
 Metaspace       used 33536K, committed 33920K, reserved 1114112K
  class space    used 4541K, committed 4736K, reserved 1048576K
}
Event: 16.697 GC heap before
{Heap before GC invocations=21 (full 0):
 garbage-first heap   total 70656K, used 51032K [0x0000000080000000, 0x0000000100000000)
  region size 1024K, 13 young (13312K), 2 survivors (2048K)
 Metaspace       used 34703K, committed 35072K, reserved 1114112K
  class space    used 4750K, committed 4928K, reserved 1048576K
}
Event: 16.701 GC heap after
{Heap after GC invocations=22 (full 0):
 garbage-first heap   total 70656K, used 41409K [0x0000000080000000, 0x0000000100000000)
  region size 1024K, 2 young (2048K), 2 survivors (2048K)
 Metaspace       used 34703K, committed 35072K, reserved 1114112K
  class space    used 4750K, committed 4928K, reserved 1048576K
}
Event: 17.153 GC heap before
{Heap before GC invocations=23 (full 0):
 garbage-first heap   total 75776K, used 52673K [0x0000000080000000, 0x0000000100000000)
  region size 1024K, 13 young (13312K), 2 survivors (2048K)
 Metaspace       used 36060K, committed 36416K, reserved 1114112K
  class space    used 4968K, committed 5120K, reserved 1048576K
}
Event: 17.158 GC heap after
{Heap after GC invocations=24 (full 0):
 garbage-first heap   total 75776K, used 41941K [0x0000000080000000, 0x0000000100000000)
  region size 1024K, 2 young (2048K), 2 survivors (2048K)
 Metaspace       used 36060K, committed 36416K, reserved 1114112K
  class space    used 4968K, committed 5120K, reserved 1048576K
}
Event: 18.105 GC heap before
{Heap before GC invocations=24 (full 0):
 garbage-first heap   total 75776K, used 56277K [0x0000000080000000, 0x0000000100000000)
  region size 1024K, 17 young (17408K), 2 survivors (2048K)
 Metaspace       used 38380K, committed 38848K, reserved 1114112K
  class space    used 5343K, committed 5568K, reserved 1048576K
}
Event: 18.110 GC heap after
{Heap after GC invocations=25 (full 0):
 garbage-first heap   total 75776K, used 42479K [0x0000000080000000, 0x0000000100000000)
  region size 1024K, 2 young (2048K), 2 survivors (2048K)
 Metaspace       used 38380K, committed 38848K, reserved 1114112K
  class space    used 5343K, committed 5568K, reserved 1048576K
}
Event: 19.042 GC heap before
{Heap before GC invocations=26 (full 0):
 garbage-first heap   total 75776K, used 58863K [0x0000000080000000, 0x0000000100000000)
  region size 1024K, 18 young (18432K), 2 survivors (2048K)
 Metaspace       used 41670K, committed 42112K, reserved 1114112K
  class space    used 5691K, committed 5888K, reserved 1048576K
}
Event: 19.049 GC heap after
{Heap after GC invocations=27 (full 0):
 garbage-first heap   total 75776K, used 44337K [0x0000000080000000, 0x0000000100000000)
  region size 1024K, 3 young (3072K), 3 survivors (3072K)
 Metaspace       used 41670K, committed 42112K, reserved 1114112K
  class space    used 5691K, committed 5888K, reserved 1048576K
}
Event: 19.810 GC heap before
{Heap before GC invocations=27 (full 0):
 garbage-first heap   total 75776K, used 58673K [0x0000000080000000, 0x0000000100000000)
  region size 1024K, 18 young (18432K), 3 survivors (3072K)
 Metaspace       used 44664K, committed 45056K, reserved 1114112K
  class space    used 6031K, committed 6208K, reserved 1048576K
}
Event: 19.821 GC heap after
{Heap after GC invocations=28 (full 0):
 garbage-first heap   total 75776K, used 46758K [0x0000000080000000, 0x0000000100000000)
  region size 1024K, 3 young (3072K), 3 survivors (3072K)
 Metaspace       used 44664K, committed 45056K, reserved 1114112K
  class space    used 6031K, committed 6208K, reserved 1048576K
}
Event: 20.109 GC heap before
{Heap before GC invocations=29 (full 0):
 garbage-first heap   total 83968K, used 60070K [0x0000000080000000, 0x0000000100000000)
  region size 1024K, 16 young (16384K), 3 survivors (3072K)
 Metaspace       used 44689K, committed 45056K, reserved 1114112K
  class space    used 6034K, committed 6208K, reserved 1048576K
}
Event: 20.114 GC heap after
{Heap after GC invocations=30 (full 0):
 garbage-first heap   total 83968K, used 46931K [0x0000000080000000, 0x0000000100000000)
  region size 1024K, 2 young (2048K), 2 survivors (2048K)
 Metaspace       used 44689K, committed 45056K, reserved 1114112K
  class space    used 6034K, committed 6208K, reserved 1048576K
}

Dll operation events (3 events):
Event: 0.243 Loaded shared library C:\Program Files\Android\Android Studio\jbr\bin\java.dll
Event: 0.917 Loaded shared library C:\Program Files\Android\Android Studio\jbr\bin\zip.dll
Event: 2.320 Loaded shared library C:\Program Files\Android\Android Studio\jbr\bin\verify.dll

Deoptimization events (20 events):
Event: 19.246 Thread 0x000001b37cd4b450 Uncommon trap: trap_request=0xffffff54 fr.pc=0x000001b36841b874 relative=0x00000000000012b4
Event: 19.246 Thread 0x000001b37cd4b450 Uncommon trap: reason=speculate_null_assert action=make_not_entrant pc=0x000001b36841b874 method=jdk.internal.loader.URLClassPath$JarLoader.getResource(Ljava/lang/String;ZLjava/util/Set;)Ljdk/internal/loader/Resource; @ 17 c2
Event: 19.246 Thread 0x000001b37cd4b450 DEOPT PACKING pc=0x000001b36841b874 sp=0x000000a3516f5960
Event: 19.246 Thread 0x000001b37cd4b450 DEOPT UNPACKING pc=0x000001b367de699d sp=0x000000a3516f58f8 mode 2
Event: 19.546 Thread 0x000001b37cd4b450 Uncommon trap: trap_request=0xffffffc6 fr.pc=0x000001b3684e7d28 relative=0x0000000000004108
Event: 19.546 Thread 0x000001b37cd4b450 Uncommon trap: reason=bimorphic_or_optimized_type_check action=maybe_recompile pc=0x000001b3684e7d28 method=java.net.URL.<init>(Ljava/net/URL;Ljava/lang/String;Ljava/net/URLStreamHandler;)V @ 504 c2
Event: 19.546 Thread 0x000001b37cd4b450 DEOPT PACKING pc=0x000001b3684e7d28 sp=0x000000a3516f6360
Event: 19.546 Thread 0x000001b37cd4b450 DEOPT UNPACKING pc=0x000001b367de699d sp=0x000000a3516f6300 mode 2
Event: 19.741 Thread 0x000001b37cd4b450 Uncommon trap: trap_request=0xffffff6e fr.pc=0x000001b36854e5d0 relative=0x00000000000004d0
Event: 19.741 Thread 0x000001b37cd4b450 Uncommon trap: reason=loop_limit_check action=maybe_recompile pc=0x000001b36854e5d0 method=java.util.regex.Pattern$Start.match(Ljava/util/regex/Matcher;ILjava/lang/CharSequence;)Z @ 34 c2
Event: 19.741 Thread 0x000001b37cd4b450 DEOPT PACKING pc=0x000001b36854e5d0 sp=0x000000a3516f69b0
Event: 19.741 Thread 0x000001b37cd4b450 DEOPT UNPACKING pc=0x000001b367de699d sp=0x000000a3516f68f0 mode 2
Event: 20.209 Thread 0x000001b37cd4b450 Uncommon trap: trap_request=0xffffffde fr.pc=0x000001b36855c148 relative=0x0000000000000448
Event: 20.210 Thread 0x000001b37cd4b450 Uncommon trap: reason=class_check action=maybe_recompile pc=0x000001b36855c148 method=java.util.regex.Pattern$Start.match(Ljava/util/regex/Matcher;ILjava/lang/CharSequence;)Z @ 44 c2
Event: 20.210 Thread 0x000001b37cd4b450 DEOPT PACKING pc=0x000001b36855c148 sp=0x000000a3516f7970
Event: 20.210 Thread 0x000001b37cd4b450 DEOPT UNPACKING pc=0x000001b367de699d sp=0x000000a3516f7838 mode 2
Event: 20.212 Thread 0x000001b37cd4b450 Uncommon trap: trap_request=0xffffffde fr.pc=0x000001b36855c148 relative=0x0000000000000448
Event: 20.212 Thread 0x000001b37cd4b450 Uncommon trap: reason=class_check action=maybe_recompile pc=0x000001b36855c148 method=java.util.regex.Pattern$Start.match(Ljava/util/regex/Matcher;ILjava/lang/CharSequence;)Z @ 44 c2
Event: 20.212 Thread 0x000001b37cd4b450 DEOPT PACKING pc=0x000001b36855c148 sp=0x000000a3516f7970
Event: 20.212 Thread 0x000001b37cd4b450 DEOPT UNPACKING pc=0x000001b367de699d sp=0x000000a3516f7838 mode 2

Classes unloaded (0 events):
No events

Classes redefined (0 events):
No events

Internal exceptions (20 events):
Event: 19.252 Thread 0x000001b37cd4b450 Exception <a 'java/lang/ClassNotFoundException'{0x000000008456ade8}: java/lang/ObjectCustomizer> (0x000000008456ade8) 
thrown [s\src\hotspot\share\classfile\systemDictionary.cpp, line 256]
Event: 19.259 Thread 0x000001b37cd4b450 Exception <a 'java/lang/IncompatibleClassChangeError'{0x000000008457aac0}: Found class java.lang.Object, but interface was expected> (0x000000008457aac0) 
thrown [s\src\hotspot\share\interpreter\linkResolver.cpp, line 838]
Event: 19.269 Thread 0x000001b37cd4b450 Exception <a 'java/lang/ClassNotFoundException'{0x00000000845a1a68}: groovy/lang/MetaClassImplCustomizer> (0x00000000845a1a68) 
thrown [s\src\hotspot\share\classfile\systemDictionary.cpp, line 256]
Event: 19.273 Thread 0x000001b37cd4b450 Exception <a 'java/lang/ClassNotFoundException'{0x00000000845d9048}: groovy/lang/ExpandoMetaClassCustomizer> (0x00000000845d9048) 
thrown [s\src\hotspot\share\classfile\systemDictionary.cpp, line 256]
Event: 20.120 Thread 0x000001b37cd4b450 Exception <a 'java/lang/ClassNotFoundException'{0x0000000085125440}: groovy/lang/BindingBeanInfo> (0x0000000085125440) 
thrown [s\src\hotspot\share\classfile\systemDictionary.cpp, line 256]
Event: 20.122 Thread 0x000001b37cd4b450 Exception <a 'java/lang/ClassNotFoundException'{0x000000008513d418}: groovy/lang/GroovyObjectSupportBeanInfo> (0x000000008513d418) 
thrown [s\src\hotspot\share\classfile\systemDictionary.cpp, line 256]
Event: 20.124 Thread 0x000001b37cd4b450 Exception <a 'java/lang/ClassNotFoundException'{0x0000000085155420}: groovy/lang/GroovyObjectSupportCustomizer> (0x0000000085155420) 
thrown [s\src\hotspot\share\classfile\systemDictionary.cpp, line 256]
Event: 20.128 Thread 0x000001b37cd4b450 Exception <a 'java/lang/ClassNotFoundException'{0x0000000085170a00}: groovy/lang/BindingCustomizer> (0x0000000085170a00) 
thrown [s\src\hotspot\share\classfile\systemDictionary.cpp, line 256]
Event: 20.182 Thread 0x000001b37cd4b450 Exception <a 'java/lang/ClassNotFoundException'{0x00000000850b5e20}: ijMapper1_2ami37osrbzcp39utianwnzbaBeanInfo> (0x00000000850b5e20) 
thrown [s\src\hotspot\share\classfile\systemDictionary.cpp, line 256]
Event: 20.184 Thread 0x000001b37cd4b450 Exception <a 'java/lang/ClassNotFoundException'{0x00000000850c06d0}: org/gradle/initialization/InitScriptBeanInfo> (0x00000000850c06d0) 
thrown [s\src\hotspot\share\classfile\systemDictionary.cpp, line 256]
Event: 20.185 Thread 0x000001b37cd4b450 Exception <a 'java/lang/ClassNotFoundException'{0x00000000850cb040}: org/gradle/groovy/scripts/DefaultScriptBeanInfo> (0x00000000850cb040) 
thrown [s\src\hotspot\share\classfile\systemDictionary.cpp, line 256]
Event: 20.186 Thread 0x000001b37cd4b450 Exception <a 'java/lang/ClassNotFoundException'{0x00000000850d6920}: org/gradle/groovy/scripts/BasicScriptBeanInfo> (0x00000000850d6920) 
thrown [s\src\hotspot\share\classfile\systemDictionary.cpp, line 256]
Event: 20.187 Thread 0x000001b37cd4b450 Exception <a 'java/lang/ClassNotFoundException'{0x00000000850e2190}: org/gradle/groovy/scripts/ScriptBeanInfo> (0x00000000850e2190) 
thrown [s\src\hotspot\share\classfile\systemDictionary.cpp, line 256]
Event: 20.188 Thread 0x000001b37cd4b450 Exception <a 'java/lang/ClassNotFoundException'{0x00000000850fb270}: groovy/lang/ScriptBeanInfo> (0x00000000850fb270) 
thrown [s\src\hotspot\share\classfile\systemDictionary.cpp, line 256]
Event: 20.191 Thread 0x000001b37cd4b450 Exception <a 'java/lang/ClassNotFoundException'{0x0000000084f147d0}: groovy/lang/ScriptCustomizer> (0x0000000084f147d0) 
thrown [s\src\hotspot\share\classfile\systemDictionary.cpp, line 256]
Event: 20.194 Thread 0x000001b37cd4b450 Exception <a 'java/lang/ClassNotFoundException'{0x0000000084f28020}: org/gradle/groovy/scripts/ScriptCustomizer> (0x0000000084f28020) 
thrown [s\src\hotspot\share\classfile\systemDictionary.cpp, line 256]
Event: 20.198 Thread 0x000001b37cd4b450 Exception <a 'java/lang/ClassNotFoundException'{0x0000000084f39b70}: org/gradle/groovy/scripts/BasicScriptCustomizer> (0x0000000084f39b70) 
thrown [s\src\hotspot\share\classfile\systemDictionary.cpp, line 256]
Event: 20.205 Thread 0x000001b37cd4b450 Exception <a 'java/lang/ClassNotFoundException'{0x0000000084f50db0}: org/gradle/groovy/scripts/DefaultScriptCustomizer> (0x0000000084f50db0) 
thrown [s\src\hotspot\share\classfile\systemDictionary.cpp, line 256]
Event: 20.221 Thread 0x000001b37cd4b450 Exception <a 'java/lang/ClassNotFoundException'{0x0000000084f794e8}: org/gradle/initialization/InitScriptCustomizer> (0x0000000084f794e8) 
thrown [s\src\hotspot\share\classfile\systemDictionary.cpp, line 256]
Event: 20.225 Thread 0x000001b37cd4b450 Exception <a 'java/lang/ClassNotFoundException'{0x0000000084f88448}: ijMapper1_2ami37osrbzcp39utianwnzbaCustomizer> (0x0000000084f88448) 
thrown [s\src\hotspot\share\classfile\systemDictionary.cpp, line 256]

VM Operations (20 events):
Event: 19.171 Executing VM operation: HandshakeAllThreads
Event: 19.171 Executing VM operation: HandshakeAllThreads done
Event: 19.196 Executing VM operation: HandshakeAllThreads
Event: 19.197 Executing VM operation: HandshakeAllThreads done
Event: 19.548 Executing VM operation: HandshakeAllThreads
Event: 19.548 Executing VM operation: HandshakeAllThreads done
Event: 19.550 Executing VM operation: HandshakeAllThreads
Event: 19.550 Executing VM operation: HandshakeAllThreads done
Event: 19.566 Executing VM operation: HandshakeAllThreads
Event: 19.566 Executing VM operation: HandshakeAllThreads done
Event: 19.753 Executing VM operation: HandshakeAllThreads
Event: 19.753 Executing VM operation: HandshakeAllThreads done
Event: 19.810 Executing VM operation: G1CollectForAllocation
Event: 19.821 Executing VM operation: G1CollectForAllocation done
Event: 19.898 Executing VM operation: G1PauseRemark
Event: 19.917 Executing VM operation: G1PauseRemark done
Event: 19.947 Executing VM operation: G1PauseCleanup
Event: 19.949 Executing VM operation: G1PauseCleanup done
Event: 20.109 Executing VM operation: G1CollectForAllocation
Event: 20.114 Executing VM operation: G1CollectForAllocation done

Events (20 events):
Event: 19.747 loading class jdk/internal/jrtfs/SystemImage$1
Event: 19.748 loading class jdk/internal/jrtfs/SystemImage$1 done
Event: 19.748 loading class jdk/internal/jimage/ImageReader$SharedImageReader$LocationVisitor
Event: 19.748 loading class jdk/internal/jimage/ImageReader$SharedImageReader$LocationVisitor done
Event: 19.751 loading class java/nio/ByteBufferAsIntBufferL
Event: 19.752 loading class java/nio/ByteBufferAsIntBufferL done
Event: 19.753 loading class jdk/internal/jrtfs/JrtFileAttributes
Event: 19.756 loading class jdk/internal/jrtfs/JrtFileAttributes done
Event: 19.756 loading class jdk/internal/jrtfs/JrtDirectoryStream
Event: 19.756 loading class jdk/internal/jrtfs/JrtDirectoryStream done
Event: 19.757 loading class jdk/internal/jrtfs/JrtDirectoryStream$1
Event: 19.757 loading class jdk/internal/jrtfs/JrtDirectoryStream$1 done
Event: 19.758 loading class java/util/function/BooleanSupplier
Event: 19.758 loading class java/util/function/BooleanSupplier done
Event: 19.761 loading class jdk/internal/jimage/ImageReader$Resource
Event: 19.761 loading class jdk/internal/jimage/ImageReader$Resource done
Event: 20.103 loading class java/util/WeakHashMap$KeyIterator
Event: 20.104 loading class java/util/WeakHashMap$HashIterator
Event: 20.104 loading class java/util/WeakHashMap$HashIterator done
Event: 20.105 loading class java/util/WeakHashMap$KeyIterator done


Dynamic libraries:
0x00007ff6c8750000 - 0x00007ff6c875a000 	C:\Program Files\Android\Android Studio\jbr\bin\java.exe
0x00007ff8d4c10000 - 0x00007ff8d4e08000 	C:\Windows\SYSTEM32\ntdll.dll
0x00007ff8d3990000 - 0x00007ff8d3a51000 	C:\Windows\System32\KERNEL32.DLL
0x00007ff8d2450000 - 0x00007ff8d274d000 	C:\Windows\System32\KERNELBASE.dll
0x00007ff8d2870000 - 0x00007ff8d2970000 	C:\Windows\System32\ucrtbase.dll
0x00007ff8a8b00000 - 0x00007ff8a8b17000 	C:\Program Files\Android\Android Studio\jbr\bin\jli.dll
0x00007ff8aac00000 - 0x00007ff8aac1b000 	C:\Program Files\Android\Android Studio\jbr\bin\VCRUNTIME140.dll
0x00007ff8d3000000 - 0x00007ff8d319d000 	C:\Windows\System32\USER32.dll
0x00007ff8d2c10000 - 0x00007ff8d2c32000 	C:\Windows\System32\win32u.dll
0x00007ff8d3950000 - 0x00007ff8d397b000 	C:\Windows\System32\GDI32.dll
0x00007ff8d22c0000 - 0x00007ff8d23d7000 	C:\Windows\System32\gdi32full.dll
0x00007ff8d2780000 - 0x00007ff8d281d000 	C:\Windows\System32\msvcp_win.dll
0x00007ff8bfd50000 - 0x00007ff8bffea000 	C:\Windows\WinSxS\amd64_microsoft.windows.common-controls_6595b64144ccf1df_6.0.19041.4355_none_60b8b9eb71f62e16\COMCTL32.dll
0x00007ff8d31a0000 - 0x00007ff8d323e000 	C:\Windows\System32\msvcrt.dll
0x00007ff8d3710000 - 0x00007ff8d373f000 	C:\Windows\System32\IMM32.DLL
0x00007ff8bc210000 - 0x00007ff8bc21c000 	C:\Program Files\Android\Android Studio\jbr\bin\vcruntime140_1.dll
0x00007ff8a9270000 - 0x00007ff8a92fd000 	C:\Program Files\Android\Android Studio\jbr\bin\msvcp140.dll
0x00007ff895dd0000 - 0x00007ff896a53000 	C:\Program Files\Android\Android Studio\jbr\bin\server\jvm.dll
0x00007ff8d3c60000 - 0x00007ff8d3d10000 	C:\Windows\System32\ADVAPI32.dll
0x00007ff8d3b30000 - 0x00007ff8d3bd0000 	C:\Windows\System32\sechost.dll
0x00007ff8d4630000 - 0x00007ff8d4753000 	C:\Windows\System32\RPCRT4.dll
0x00007ff8d2750000 - 0x00007ff8d2777000 	C:\Windows\System32\bcrypt.dll
0x00007ff8d1bb0000 - 0x00007ff8d1bfb000 	C:\Windows\SYSTEM32\POWRPROF.dll
0x00007ff8c32d0000 - 0x00007ff8c32da000 	C:\Windows\SYSTEM32\VERSION.dll
0x00007ff8c40c0000 - 0x00007ff8c40c9000 	C:\Windows\SYSTEM32\WSOCK32.dll
0x00007ff8c3770000 - 0x00007ff8c3797000 	C:\Windows\SYSTEM32\WINMM.dll
0x00007ff8d36a0000 - 0x00007ff8d370b000 	C:\Windows\System32\WS2_32.dll
0x00007ff8d1b90000 - 0x00007ff8d1ba2000 	C:\Windows\SYSTEM32\UMPDC.dll
0x00007ff8cfff0000 - 0x00007ff8d0002000 	C:\Windows\SYSTEM32\kernel.appcore.dll
0x00007ff8bc490000 - 0x00007ff8bc49a000 	C:\Program Files\Android\Android Studio\jbr\bin\jimage.dll
0x00007ff8c1350000 - 0x00007ff8c1534000 	C:\Windows\SYSTEM32\DBGHELP.DLL
0x00007ff8c0740000 - 0x00007ff8c0774000 	C:\Windows\SYSTEM32\dbgcore.DLL
0x00007ff8d2970000 - 0x00007ff8d29f2000 	C:\Windows\System32\bcryptPrimitives.dll
0x00007ff8bbbb0000 - 0x00007ff8bbbbe000 	C:\Program Files\Android\Android Studio\jbr\bin\instrument.dll
0x00007ff8a9a20000 - 0x00007ff8a9a45000 	C:\Program Files\Android\Android Studio\jbr\bin\java.dll
0x00007ff8a9a00000 - 0x00007ff8a9a18000 	C:\Program Files\Android\Android Studio\jbr\bin\zip.dll
0x00007ff8d3d10000 - 0x00007ff8d447f000 	C:\Windows\System32\SHELL32.dll
0x00007ff8d0300000 - 0x00007ff8d0a9f000 	C:\Windows\SYSTEM32\windows.storage.dll
0x00007ff8d2ca0000 - 0x00007ff8d2ff3000 	C:\Windows\System32\combase.dll
0x00007ff8d1c00000 - 0x00007ff8d1c2e000 	C:\Windows\SYSTEM32\Wldp.dll
0x00007ff8d3320000 - 0x00007ff8d33ed000 	C:\Windows\System32\OLEAUT32.dll
0x00007ff8d37a0000 - 0x00007ff8d384d000 	C:\Windows\System32\SHCORE.dll
0x00007ff8d33f0000 - 0x00007ff8d3445000 	C:\Windows\System32\shlwapi.dll
0x00007ff8d21f0000 - 0x00007ff8d2214000 	C:\Windows\SYSTEM32\profapi.dll
0x00007ff8a9930000 - 0x00007ff8a9949000 	C:\Program Files\Android\Android Studio\jbr\bin\net.dll
0x00007ff8ca6a0000 - 0x00007ff8ca7ad000 	C:\Windows\SYSTEM32\WINHTTP.dll
0x00007ff8d1970000 - 0x00007ff8d19da000 	C:\Windows\system32\mswsock.dll
0x00007ff8a9910000 - 0x00007ff8a9926000 	C:\Program Files\Android\Android Studio\jbr\bin\nio.dll
0x00007ff8bbd90000 - 0x00007ff8bbda0000 	C:\Program Files\Android\Android Studio\jbr\bin\verify.dll
0x00007ff8bc050000 - 0x00007ff8bc077000 	C:\Users\ABHISHEK\.gradle\native\c067742578af261105cb4f569cf0c3c89f3d7b1fecec35dd04571415982c5e48\windows-amd64\native-platform.dll
0x00007ff8a8e90000 - 0x00007ff8a8fd4000 	C:\Users\ABHISHEK\.gradle\native\38dada09dfb8b06ba9b0570ebf7e218e3eb74d4ef43ca46872605cf95ebc2f47\windows-amd64\native-platform-file-events.dll
0x00007ff8ccb50000 - 0x00007ff8ccb59000 	C:\Program Files\Android\Android Studio\jbr\bin\management.dll
0x00007ff8bc0a0000 - 0x00007ff8bc0ab000 	C:\Program Files\Android\Android Studio\jbr\bin\management_ext.dll
0x00007ff8d3980000 - 0x00007ff8d3988000 	C:\Windows\System32\PSAPI.DLL
0x00007ff8d1f50000 - 0x00007ff8d1f68000 	C:\Windows\SYSTEM32\CRYPTSP.dll
0x00007ff8d1250000 - 0x00007ff8d1284000 	C:\Windows\system32\rsaenh.dll
0x00007ff8d21a0000 - 0x00007ff8d21ce000 	C:\Windows\SYSTEM32\USERENV.dll
0x00007ff8d1b00000 - 0x00007ff8d1b0c000 	C:\Windows\SYSTEM32\CRYPTBASE.dll
0x00007ff8d1610000 - 0x00007ff8d164b000 	C:\Windows\SYSTEM32\IPHLPAPI.DLL
0x00007ff8d38c0000 - 0x00007ff8d38c8000 	C:\Windows\System32\NSI.dll
0x00007ff8cae40000 - 0x00007ff8cae57000 	C:\Windows\SYSTEM32\dhcpcsvc6.DLL
0x00007ff8cafb0000 - 0x00007ff8cafcd000 	C:\Windows\SYSTEM32\dhcpcsvc.DLL
0x00007ff8d1650000 - 0x00007ff8d171a000 	C:\Windows\SYSTEM32\DNSAPI.dll
0x00007ff8bc0f0000 - 0x00007ff8bc0f9000 	C:\Program Files\Android\Android Studio\jbr\bin\extnet.dll
0x00007ff8ccb80000 - 0x00007ff8ccb87000 	C:\Windows\system32\wshunix.dll

dbghelp: loaded successfully - version: 4.0.5 - missing functions: none
symbol engine: initialized successfully - sym options: 0x614 - pdb path: .;C:\Program Files\Android\Android Studio\jbr\bin;C:\Windows\SYSTEM32;C:\Windows\WinSxS\amd64_microsoft.windows.common-controls_6595b64144ccf1df_6.0.19041.4355_none_60b8b9eb71f62e16;C:\Program Files\Android\Android Studio\jbr\bin\server;C:\Users\ABHISHEK\.gradle\native\c067742578af261105cb4f569cf0c3c89f3d7b1fecec35dd04571415982c5e48\windows-amd64;C:\Users\ABHISHEK\.gradle\native\38dada09dfb8b06ba9b0570ebf7e218e3eb74d4ef43ca46872605cf95ebc2f47\windows-amd64

VM Arguments:
jvm_args: --add-opens=java.base/java.util=ALL-UNNAMED --add-opens=java.base/java.lang=ALL-UNNAMED --add-opens=java.base/java.lang.invoke=ALL-UNNAMED --add-opens=java.prefs/java.util.prefs=ALL-UNNAMED --add-opens=java.base/java.nio.charset=ALL-UNNAMED --add-opens=java.base/java.net=ALL-UNNAMED --add-opens=java.base/java.util.concurrent.atomic=ALL-UNNAMED -Xmx2048m -Dfile.encoding=UTF-8 -Duser.country=US -Duser.language=en -Duser.variant -javaagent:C:\Users\ABHISHEK\.gradle\wrapper\dists\gradle-8.7-bin\bhs2wmbdwecv87pi65oeuq5iu\gradle-8.7\lib\agents\gradle-instrumentation-agent-8.7.jar 
java_command: org.gradle.launcher.daemon.bootstrap.GradleDaemon 8.7
java_class_path (initial): C:\Users\ABHISHEK\.gradle\wrapper\dists\gradle-8.7-bin\bhs2wmbdwecv87pi65oeuq5iu\gradle-8.7\lib\gradle-launcher-8.7.jar
Launcher Type: SUN_STANDARD

[Global flags]
     intx CICompilerCount                          = 3                                         {product} {ergonomic}
     uint ConcGCThreads                            = 1                                         {product} {ergonomic}
     uint G1ConcRefinementThreads                  = 4                                         {product} {ergonomic}
   size_t G1HeapRegionSize                         = 1048576                                   {product} {ergonomic}
    uintx GCDrainStackTargetSize                   = 64                                        {product} {ergonomic}
   size_t InitialHeapSize                          = 50331648                                  {product} {ergonomic}
   size_t MarkStackSize                            = 4194304                                   {product} {ergonomic}
   size_t MaxHeapSize                              = 2147483648                                {product} {command line}
   size_t MaxNewSize                               = 1287651328                                {product} {ergonomic}
   size_t MinHeapDeltaBytes                        = 1048576                                   {product} {ergonomic}
   size_t MinHeapSize                              = 8388608                                   {product} {ergonomic}
    uintx NonNMethodCodeHeapSize                   = 5832780                                {pd product} {ergonomic}
    uintx NonProfiledCodeHeapSize                  = 122912730                              {pd product} {ergonomic}
    uintx ProfiledCodeHeapSize                     = 122912730                              {pd product} {ergonomic}
    uintx ReservedCodeCacheSize                    = 251658240                              {pd product} {ergonomic}
     bool SegmentedCodeCache                       = true                                      {product} {ergonomic}
   size_t SoftMaxHeapSize                          = 2147483648                             {manageable} {ergonomic}
     bool UseCompressedClassPointers               = true                           {product lp64_product} {ergonomic}
     bool UseCompressedOops                        = true                           {product lp64_product} {ergonomic}
     bool UseG1GC                                  = true                                      {product} {ergonomic}
     bool UseLargePagesIndividualAllocation        = false                                  {pd product} {ergonomic}

Logging:
Log output configuration:
 #0: stdout all=warning uptime,level,tags
 #1: stderr all=off uptime,level,tags

Environment Variables:
PATH=C:\Program Files\Common Files\Oracle\Java\javapath;C:\Windows\system32;C:\Windows;C:\Windows\System32\Wbem;C:\Windows\System32\WindowsPowerShell\v1.0\;C:\Windows\System32\OpenSSH\;C:\Program Files\Git\cmd;C:\Program Files\nodejs\;C:\ngrok-v3-stable-windows-amd64;C:\Program Files\MySQL\MySQL Server 8.0\bin;C:\Program Files\MySQL\MySQL Shell 8.0\bin\;C:\Users\ABHISHEK\AppData\Local\Microsoft\WindowsApps;C:\Users\ABHISHEK\AppData\Local\Programs\Microsoft VS Code\bin;C:\Users\ABHISHEK\AppData\Roaming\npm
USERNAME=ABHISHEK
OS=Windows_NT
PROCESSOR_IDENTIFIER=Intel64 Family 6 Model 37 Stepping 5, GenuineIntel
TMP=C:\Users\ABHISHEK\AppData\Local\Temp
TEMP=C:\Users\ABHISHEK\AppData\Local\Temp



Periodic native trim disabled

JNI global refs:
JNI global refs: 24, weak refs: 0

JNI global refs memory usage: 843, weak refs: 841

Process memory usage:
Resident Set Size: 207960K (6% of 3050516K total physical memory with 195884K free physical memory)

OOME stack traces (most recent first):
Classloader memory used:
Loader org.gradle.internal.classloader.VisitableURLClassLoader                         : 2594K
Loader bootstrap                                                                       : 2342K
Loader org.gradle.initialization.MixInLegacyTypesClassLoader                           : 511K
Loader org.gradle.internal.classloader.VisitableURLClassLoader                         : 81089B
Loader jdk.internal.loader.ClassLoaders$PlatformClassLoader                            : 65739B
Loader jdk.internal.loader.ClassLoaders$AppClassLoader                                 : 28767B
Loader jdk.internal.reflect.DelegatingClassLoader                                      : 24018B
Loader org.gradle.groovy.scripts.internal.DefaultScriptCompilationHandler$ScriptClassLoader: 778B

Classes loaded by more than one classloader:
Class org.gradle.api.GradleException                                                  : loaded 3 times (x 80B)
Class org.gradle.util.GradleVersion                                                   : loaded 2 times (x 81B)
Class org.gradle.internal.classpath.ClassPath                                         : loaded 2 times (x 68B)
Class org.gradle.api.internal.classpath.DefaultModuleRegistry                         : loaded 2 times (x 84B)
Class org.gradle.internal.exceptions.NonGradleCauseExceptionsHolder                   : loaded 2 times (x 68B)
Class org.gradle.api.Action                                                           : loaded 2 times (x 68B)
Class org.gradle.api.internal.DefaultClassPathProvider                                : loaded 2 times (x 74B)
Class org.gradle.internal.installation.GradleInstallation$1                           : loaded 2 times (x 73B)
Class org.gradle.internal.exceptions.DefaultMultiCauseException                       : loaded 2 times (x 93B)
Class org.gradle.internal.time.MonotonicClock                                         : loaded 2 times (x 75B)
Class org.gradle.internal.classloader.FilteringClassLoader                            : loaded 2 times (x 103B)
Class org.gradle.internal.classpath.DefaultClassPath$ImmutableUniqueList$Builder      : loaded 2 times (x 73B)
Class org.gradle.internal.classloader.ClassLoaderVisitor                              : loaded 2 times (x 74B)
Class org.gradle.internal.time.DefaultCountdownTimer                                  : loaded 2 times (x 86B)
Class org.gradle.internal.service.DefaultServiceLocator                               : loaded 2 times (x 81B)
Class org.gradle.internal.service.UnknownServiceException                             : loaded 2 times (x 81B)
Class org.gradle.internal.classloader.DefaultClassLoaderFactory                       : loaded 2 times (x 80B)
Class org.gradle.internal.classloader.VisitableURLClassLoader$Spec                    : loaded 2 times (x 72B)
Class org.gradle.tooling.model.ProjectModel                                           : loaded 2 times (x 68B)
Class org.gradle.internal.installation.GradleInstallation                             : loaded 2 times (x 73B)
Class org.gradle.api.internal.classpath.ModuleRegistry                                : loaded 2 times (x 68B)
Class org.gradle.api.internal.ClassPathProvider                                       : loaded 2 times (x 68B)
Class org.gradle.internal.classloader.ClasspathUtil$1                                 : loaded 2 times (x 74B)
Class org.gradle.internal.classloader.ClassLoaderFactory                              : loaded 2 times (x 68B)
Class org.gradle.api.internal.classpath.ManifestUtil                                  : loaded 2 times (x 69B)
Class org.gradle.api.specs.Spec                                                       : loaded 2 times (x 68B)
Class org.gradle.internal.IoActions                                                   : loaded 2 times (x 69B)
Class org.gradle.api.internal.classpath.EffectiveClassPath                            : loaded 2 times (x 88B)
Class org.gradle.internal.exceptions.ResolutionProvider                               : loaded 2 times (x 68B)
Class org.gradle.internal.installation.CurrentGradleInstallation                      : loaded 2 times (x 71B)
Class org.gradle.internal.agents.InstrumentingClassLoader                             : loaded 2 times (x 68B)
Class org.gradle.internal.installation.CurrentGradleInstallationLocator               : loaded 2 times (x 69B)
Class org.gradle.api.internal.classpath.Module                                        : loaded 2 times (x 68B)
Class org.gradle.internal.service.CachingServiceLocator                               : loaded 2 times (x 80B)
Class org.gradle.internal.time.Timer                                                  : loaded 2 times (x 68B)
Class org.gradle.internal.classpath.DefaultClassPath                                  : loaded 2 times (x 88B)
Class org.gradle.internal.time.Time                                                   : loaded 2 times (x 69B)
Class org.gradle.internal.time.TimeSource$1                                           : loaded 2 times (x 75B)
Class org.gradle.internal.classloader.SystemClassLoaderSpec                           : loaded 2 times (x 69B)
Class kotlin.Function                                                                 : loaded 2 times (x 68B)
Class org.gradle.api.UncheckedIOException                                             : loaded 2 times (x 80B)
Class org.gradle.internal.time.CountdownTimer                                         : loaded 2 times (x 68B)
Class org.gradle.internal.time.Clock                                                  : loaded 2 times (x 68B)
Class org.gradle.internal.classloader.ClasspathUtil                                   : loaded 2 times (x 69B)
Class org.gradle.api.internal.DefaultClassPathRegistry                                : loaded 2 times (x 74B)
Class org.gradle.api.internal.classpath.DefaultModuleRegistry$DefaultModule           : loaded 2 times (x 84B)
Class org.gradle.internal.time.TimeSource                                             : loaded 2 times (x 68B)
Class org.gradle.api.internal.classpath.UnknownModuleException                        : loaded 2 times (x 80B)
Class org.gradle.internal.service.ServiceLookupException                              : loaded 2 times (x 80B)
Class org.gradle.cache.GlobalCache                                                    : loaded 2 times (x 68B)
Class [Lorg.gradle.api.internal.ClassPathProvider;                                    : loaded 2 times (x 67B)
Class org.gradle.internal.operations.MultipleBuildOperationFailures                   : loaded 2 times (x 93B)
Class org.gradle.util.internal.GUtil                                                  : loaded 2 times (x 69B)
Class org.gradle.internal.classloader.ClassLoaderSpec                                 : loaded 2 times (x 69B)
Class org.gradle.internal.classloader.VisitableURLClassLoader                         : loaded 2 times (x 115B)
Class org.gradle.internal.Cast                                                        : loaded 2 times (x 69B)
Class org.gradle.api.internal.ClassPathRegistry                                       : loaded 2 times (x 68B)
Class org.gradle.internal.classloader.VisitableURLClassLoader$InstrumentingVisitableURLClassLoader: loaded 2 times (x 121B)
Class org.gradle.internal.classloader.ClassLoaderHierarchy                            : loaded 2 times (x 68B)
Class org.gradle.internal.exceptions.MultiCauseException                              : loaded 2 times (x 68B)
Class org.gradle.internal.InternalTransformer                                         : loaded 2 times (x 68B)
Class org.gradle.internal.service.ServiceLocator                                      : loaded 2 times (x 68B)
Class org.gradle.internal.classpath.DefaultClassPath$ImmutableUniqueList              : loaded 2 times (x 159B)
Class org.gradle.internal.time.DefaultTimer                                           : loaded 2 times (x 78B)
Class org.gradle.internal.classpath.TransformedClassPath                              : loaded 2 times (x 94B)


---------------  S Y S T E M  ---------------

OS:
 Windows 10 , 64 bit Build 19041 (10.0.19041.4717)
OS uptime: 0 days 0:48 hours
Hyper-V role detected

CPU: total 4 (initial active 4) (2 cores per cpu, 2 threads per core) family 6 model 37 stepping 5 microcode 0x7, cx8, cmov, fxsr, ht, mmx, sse, sse2, sse3, ssse3, sse4.1, sse4.2, popcnt, tsc, tscinvbit, aes, clmul, clflush, hv
Processor Information for all 4 processors :
  Max Mhz: 2534, Current Mhz: 2534, Mhz Limit: 2534

Memory: 4k page, system-wide physical 2979M (194M free)
TotalPageFile size 8099M (AvailPageFile size 5M)
current process WorkingSet (physical memory assigned to process): 203M, peak: 203M
current process commit charge ("private bytes"): 253M, peak: 255M

vm_info: OpenJDK 64-Bit Server VM (17.0.11+0--11852314) for windows-amd64 JRE (17.0.11+0--11852314), built on May 16 2024 21:29:20 by "androidbuild" with MS VC++ 16.10 / 16.11 (VS2019)

END.
